[debug] [2025-03-06T07:23:50.003Z] ----------------------------------------------------------------------
[debug] [2025-03-06T07:23:50.005Z] Command:       C:\nvm4w\nodejs\node.exe C:\Users\aparn\AppData\Roaming\npm\node_modules\firebase-tools\lib\bin\firebase.js deploy
[debug] [2025-03-06T07:23:50.006Z] CLI Version:   13.32.0
[debug] [2025-03-06T07:23:50.006Z] Platform:      win32
[debug] [2025-03-06T07:23:50.006Z] Node Version:  v20.11.1
[debug] [2025-03-06T07:23:50.006Z] Time:          Thu Mar 06 2025 12:53:50 GMT+0530 (India Standard Time)
[debug] [2025-03-06T07:23:50.006Z] ----------------------------------------------------------------------
[debug] 
[debug] [2025-03-06T07:23:50.161Z] > command requires scopes: ["email","openid","https://www.googleapis.com/auth/cloudplatformprojects.readonly","https://www.googleapis.com/auth/firebase","https://www.googleapis.com/auth/cloud-platform"]
[debug] [2025-03-06T07:23:50.162Z] > authorizing via signed-in user (manchukondamanoj@gmail.com)
[debug] [2025-03-06T07:23:50.162Z] [iam] checking project shoppingcart-app-b2a2b for permissions ["cloudfunctions.functions.create","cloudfunctions.functions.delete","cloudfunctions.functions.get","cloudfunctions.functions.list","cloudfunctions.functions.update","cloudfunctions.operations.get","firebase.projects.get"]
[debug] [2025-03-06T07:23:50.163Z] Checked if tokens are valid: false, expires at: 1741207900237
[debug] [2025-03-06T07:23:50.163Z] Checked if tokens are valid: false, expires at: 1741207900237
[debug] [2025-03-06T07:23:50.163Z] > refreshing access token with scopes: []
[debug] [2025-03-06T07:23:50.164Z] >>> [apiv2][query] POST https://www.googleapis.com/oauth2/v3/token [none]
[debug] [2025-03-06T07:23:50.164Z] >>> [apiv2][body] POST https://www.googleapis.com/oauth2/v3/token [omitted]
[debug] [2025-03-06T07:23:50.378Z] <<< [apiv2][status] POST https://www.googleapis.com/oauth2/v3/token 200
[debug] [2025-03-06T07:23:50.378Z] <<< [apiv2][body] POST https://www.googleapis.com/oauth2/v3/token [omitted]
[debug] [2025-03-06T07:23:50.393Z] >>> [apiv2][query] POST https://cloudresourcemanager.googleapis.com/v1/projects/shoppingcart-app-b2a2b:testIamPermissions [none]
[debug] [2025-03-06T07:23:50.393Z] >>> [apiv2][(partial)header] POST https://cloudresourcemanager.googleapis.com/v1/projects/shoppingcart-app-b2a2b:testIamPermissions x-goog-quota-user=projects/shoppingcart-app-b2a2b
[debug] [2025-03-06T07:23:50.394Z] >>> [apiv2][body] POST https://cloudresourcemanager.googleapis.com/v1/projects/shoppingcart-app-b2a2b:testIamPermissions {"permissions":["cloudfunctions.functions.create","cloudfunctions.functions.delete","cloudfunctions.functions.get","cloudfunctions.functions.list","cloudfunctions.functions.update","cloudfunctions.operations.get","firebase.projects.get"]}
[debug] [2025-03-06T07:23:51.773Z] <<< [apiv2][status] POST https://cloudresourcemanager.googleapis.com/v1/projects/shoppingcart-app-b2a2b:testIamPermissions 200
[debug] [2025-03-06T07:23:51.773Z] <<< [apiv2][body] POST https://cloudresourcemanager.googleapis.com/v1/projects/shoppingcart-app-b2a2b:testIamPermissions {"permissions":["cloudfunctions.functions.create","cloudfunctions.functions.delete","cloudfunctions.functions.get","cloudfunctions.functions.list","cloudfunctions.functions.update","cloudfunctions.operations.get","firebase.projects.get"]}
[debug] [2025-03-06T07:23:51.774Z] Checked if tokens are valid: true, expires at: 1741249429378
[debug] [2025-03-06T07:23:51.774Z] Checked if tokens are valid: true, expires at: 1741249429378
[debug] [2025-03-06T07:23:51.774Z] >>> [apiv2][query] POST https://iam.googleapis.com/v1/projects/shoppingcart-app-b2a2b/serviceAccounts/shoppingcart-app-b2a2b@appspot.gserviceaccount.com:testIamPermissions [none]
[debug] [2025-03-06T07:23:51.774Z] >>> [apiv2][body] POST https://iam.googleapis.com/v1/projects/shoppingcart-app-b2a2b/serviceAccounts/shoppingcart-app-b2a2b@appspot.gserviceaccount.com:testIamPermissions {"permissions":["iam.serviceAccounts.actAs"]}
[debug] [2025-03-06T07:23:53.458Z] <<< [apiv2][status] POST https://iam.googleapis.com/v1/projects/shoppingcart-app-b2a2b/serviceAccounts/shoppingcart-app-b2a2b@appspot.gserviceaccount.com:testIamPermissions 200
[debug] [2025-03-06T07:23:53.458Z] <<< [apiv2][body] POST https://iam.googleapis.com/v1/projects/shoppingcart-app-b2a2b/serviceAccounts/shoppingcart-app-b2a2b@appspot.gserviceaccount.com:testIamPermissions {"permissions":["iam.serviceAccounts.actAs"]}
[info] 
[info] === Deploying to 'shoppingcart-app-b2a2b'...
[info] 
[info] i  deploying functions 
[debug] [2025-03-06T07:23:53.463Z] Checked if tokens are valid: true, expires at: 1741249429378
[debug] [2025-03-06T07:23:53.464Z] Checked if tokens are valid: true, expires at: 1741249429378
[debug] [2025-03-06T07:23:53.464Z] >>> [apiv2][query] GET https://cloudresourcemanager.googleapis.com/v1/projects/shoppingcart-app-b2a2b [none]
[debug] [2025-03-06T07:23:53.763Z] <<< [apiv2][status] GET https://cloudresourcemanager.googleapis.com/v1/projects/shoppingcart-app-b2a2b 200
[debug] [2025-03-06T07:23:53.763Z] <<< [apiv2][body] GET https://cloudresourcemanager.googleapis.com/v1/projects/shoppingcart-app-b2a2b {"projectNumber":"892449238183","projectId":"shoppingcart-app-b2a2b","lifecycleState":"ACTIVE","name":"ShoppingCart-app","labels":{"firebase":"enabled","firebase-core":"disabled"},"createTime":"2025-03-03T12:34:29.444194Z"}
[info] i  functions: preparing codebase default for deployment 
[info] i  functions: ensuring required API cloudfunctions.googleapis.com is enabled... 
[debug] [2025-03-06T07:23:53.765Z] Checked if tokens are valid: true, expires at: 1741249429378
[debug] [2025-03-06T07:23:53.765Z] Checked if tokens are valid: true, expires at: 1741249429378
[debug] [2025-03-06T07:23:53.765Z] Checked if tokens are valid: true, expires at: 1741249429378
[debug] [2025-03-06T07:23:53.765Z] Checked if tokens are valid: true, expires at: 1741249429378
[info] i  functions: ensuring required API cloudbuild.googleapis.com is enabled... 
[debug] [2025-03-06T07:23:53.766Z] Checked if tokens are valid: true, expires at: 1741249429378
[debug] [2025-03-06T07:23:53.767Z] Checked if tokens are valid: true, expires at: 1741249429378
[info] i  artifactregistry: ensuring required API artifactregistry.googleapis.com is enabled... 
[debug] [2025-03-06T07:23:53.767Z] Checked if tokens are valid: true, expires at: 1741249429378
[debug] [2025-03-06T07:23:53.768Z] Checked if tokens are valid: true, expires at: 1741249429378
[debug] [2025-03-06T07:23:53.768Z] >>> [apiv2][query] GET https://serviceusage.googleapis.com/v1/projects/shoppingcart-app-b2a2b/services/cloudfunctions.googleapis.com [none]
[debug] [2025-03-06T07:23:53.768Z] >>> [apiv2][(partial)header] GET https://serviceusage.googleapis.com/v1/projects/shoppingcart-app-b2a2b/services/cloudfunctions.googleapis.com x-goog-quota-user=projects/shoppingcart-app-b2a2b
[debug] [2025-03-06T07:23:53.770Z] >>> [apiv2][query] GET https://serviceusage.googleapis.com/v1/projects/shoppingcart-app-b2a2b/services/runtimeconfig.googleapis.com [none]
[debug] [2025-03-06T07:23:53.770Z] >>> [apiv2][(partial)header] GET https://serviceusage.googleapis.com/v1/projects/shoppingcart-app-b2a2b/services/runtimeconfig.googleapis.com x-goog-quota-user=projects/shoppingcart-app-b2a2b
[debug] [2025-03-06T07:23:53.771Z] >>> [apiv2][query] GET https://serviceusage.googleapis.com/v1/projects/shoppingcart-app-b2a2b/services/cloudbuild.googleapis.com [none]
[debug] [2025-03-06T07:23:53.772Z] >>> [apiv2][(partial)header] GET https://serviceusage.googleapis.com/v1/projects/shoppingcart-app-b2a2b/services/cloudbuild.googleapis.com x-goog-quota-user=projects/shoppingcart-app-b2a2b
[debug] [2025-03-06T07:23:53.773Z] >>> [apiv2][query] GET https://serviceusage.googleapis.com/v1/projects/shoppingcart-app-b2a2b/services/artifactregistry.googleapis.com [none]
[debug] [2025-03-06T07:23:53.773Z] >>> [apiv2][(partial)header] GET https://serviceusage.googleapis.com/v1/projects/shoppingcart-app-b2a2b/services/artifactregistry.googleapis.com x-goog-quota-user=projects/shoppingcart-app-b2a2b
[debug] [2025-03-06T07:23:55.477Z] <<< [apiv2][status] GET https://serviceusage.googleapis.com/v1/projects/shoppingcart-app-b2a2b/services/runtimeconfig.googleapis.com 200
[debug] [2025-03-06T07:23:55.478Z] <<< [apiv2][body] GET https://serviceusage.googleapis.com/v1/projects/shoppingcart-app-b2a2b/services/runtimeconfig.googleapis.com [omitted]
[debug] [2025-03-06T07:23:55.479Z] <<< [apiv2][status] GET https://serviceusage.googleapis.com/v1/projects/shoppingcart-app-b2a2b/services/cloudbuild.googleapis.com 200
[debug] [2025-03-06T07:23:55.479Z] <<< [apiv2][body] GET https://serviceusage.googleapis.com/v1/projects/shoppingcart-app-b2a2b/services/cloudbuild.googleapis.com [omitted]
[info] +  functions: required API cloudbuild.googleapis.com is enabled 
[debug] [2025-03-06T07:23:55.481Z] <<< [apiv2][status] GET https://serviceusage.googleapis.com/v1/projects/shoppingcart-app-b2a2b/services/cloudfunctions.googleapis.com 200
[debug] [2025-03-06T07:23:55.481Z] <<< [apiv2][body] GET https://serviceusage.googleapis.com/v1/projects/shoppingcart-app-b2a2b/services/cloudfunctions.googleapis.com [omitted]
[info] +  functions: required API cloudfunctions.googleapis.com is enabled 
[debug] [2025-03-06T07:23:55.494Z] <<< [apiv2][status] GET https://serviceusage.googleapis.com/v1/projects/shoppingcart-app-b2a2b/services/artifactregistry.googleapis.com 200
[debug] [2025-03-06T07:23:55.494Z] <<< [apiv2][body] GET https://serviceusage.googleapis.com/v1/projects/shoppingcart-app-b2a2b/services/artifactregistry.googleapis.com [omitted]
[info] +  artifactregistry: required API artifactregistry.googleapis.com is enabled 
[debug] [2025-03-06T07:23:55.495Z] Checked if tokens are valid: true, expires at: 1741249429378
[debug] [2025-03-06T07:23:55.495Z] Checked if tokens are valid: true, expires at: 1741249429378
[debug] [2025-03-06T07:23:55.495Z] >>> [apiv2][query] GET https://firebase.googleapis.com/v1beta1/projects/shoppingcart-app-b2a2b/adminSdkConfig [none]
[debug] [2025-03-06T07:23:55.936Z] <<< [apiv2][status] GET https://firebase.googleapis.com/v1beta1/projects/shoppingcart-app-b2a2b/adminSdkConfig 200
[debug] [2025-03-06T07:23:55.936Z] <<< [apiv2][body] GET https://firebase.googleapis.com/v1beta1/projects/shoppingcart-app-b2a2b/adminSdkConfig {"projectId":"shoppingcart-app-b2a2b","storageBucket":"shoppingcart-app-b2a2b.firebasestorage.app"}
[debug] [2025-03-06T07:23:55.936Z] Checked if tokens are valid: true, expires at: 1741249429378
[debug] [2025-03-06T07:23:55.936Z] Checked if tokens are valid: true, expires at: 1741249429378
[debug] [2025-03-06T07:23:55.936Z] >>> [apiv2][query] GET https://runtimeconfig.googleapis.com/v1beta1/projects/shoppingcart-app-b2a2b/configs [none]
[debug] [2025-03-06T07:23:56.445Z] <<< [apiv2][status] GET https://runtimeconfig.googleapis.com/v1beta1/projects/shoppingcart-app-b2a2b/configs 200
[debug] [2025-03-06T07:23:56.446Z] <<< [apiv2][body] GET https://runtimeconfig.googleapis.com/v1beta1/projects/shoppingcart-app-b2a2b/configs {}
[debug] [2025-03-06T07:23:56.447Z] Validating nodejs source
[debug] [2025-03-06T07:24:06.482Z] checkFunctionsSDKVersion was unable to fetch information from NPM Error: spawnSync C:\windows\system32\cmd.exe ETIMEDOUT
    at Object.spawnSync (node:internal/child_process:1124:20)
    at Object.spawnSync (node:child_process:876:24)
    at Function.spawnSync [as sync] (C:\Users\aparn\AppData\Roaming\npm\node_modules\firebase-tools\node_modules\cross-spawn\index.js:26:23)
    at Object.getLatestSDKVersion (C:\Users\aparn\AppData\Roaming\npm\node_modules\firebase-tools\lib\deploy\functions\runtimes\node\versioning.js:54:25)
    at Object.checkFunctionsSDKVersion (C:\Users\aparn\AppData\Roaming\npm\node_modules\firebase-tools\lib\deploy\functions\runtimes\node\versioning.js:74:32)
    at Delegate.validate (C:\Users\aparn\AppData\Roaming\npm\node_modules\firebase-tools\lib\deploy\functions\runtimes\node\index.js:86:20)
    at loadCodebases (C:\Users\aparn\AppData\Roaming\npm\node_modules\firebase-tools\lib\deploy\functions\prepare.js:318:31)
    at async prepare (C:\Users\aparn\AppData\Roaming\npm\node_modules\firebase-tools\lib\deploy\functions\prepare.js:59:24)
    at async chain (C:\Users\aparn\AppData\Roaming\npm\node_modules\firebase-tools\lib\deploy\index.js:40:9)
    at async deploy (C:\Users\aparn\AppData\Roaming\npm\node_modules\firebase-tools\lib\deploy\index.js:115:5)
[debug] [2025-03-06T07:24:06.483Z] > [functions] package.json contents: {
  "name": "functions",
  "description": "Cloud Functions for Firebase",
  "scripts": {
    "serve": "firebase emulators:start --only functions",
    "shell": "firebase functions:shell",
    "start": "npm run shell",
    "deploy": "firebase deploy --only functions",
    "logs": "firebase functions:log"
  },
  "engines": {
    "node": "22"
  },
  "main": "index.js",
  "dependencies": {
    "firebase-admin": "^12.6.0",
    "firebase-functions": "^6.0.1"
  },
  "devDependencies": {
    "firebase-functions-test": "^3.1.0"
  },
  "private": true
}
[debug] [2025-03-06T07:24:06.483Z] Building nodejs source
[info] i  functions: Loading and analyzing source code for codebase default to determine what to deploy 
[debug] [2025-03-06T07:24:06.486Z] Could not find functions.yaml. Must use http discovery
[debug] [2025-03-06T07:24:06.496Z] Found firebase-functions binary at 'C:\Users\aparn\MMK\projects\shopping-cart\functions\node_modules\.bin\firebase-functions'
[info] Serving at port 8240

[debug] [2025-03-06T07:24:12.314Z] Got response from /__/functions.yaml {"endpoints":{"api":{"availableMemoryMb":null,"timeoutSeconds":null,"minInstances":null,"maxInstances":null,"ingressSettings":null,"concurrency":null,"serviceAccountEmail":null,"vpc":null,"platform":"gcfv2","labels":{},"httpsTrigger":{},"entryPoint":"api"}},"specVersion":"v1alpha1","requiredAPIs":[],"extensions":{}}
[info] i  extensions: ensuring required API firebaseextensions.googleapis.com is enabled... 
[debug] [2025-03-06T07:24:17.341Z] Checked if tokens are valid: true, expires at: 1741249429378
[debug] [2025-03-06T07:24:17.341Z] Checked if tokens are valid: true, expires at: 1741249429378
[debug] [2025-03-06T07:24:17.341Z] >>> [apiv2][query] GET https://serviceusage.googleapis.com/v1/projects/shoppingcart-app-b2a2b/services/firebaseextensions.googleapis.com [none]
[debug] [2025-03-06T07:24:17.341Z] >>> [apiv2][(partial)header] GET https://serviceusage.googleapis.com/v1/projects/shoppingcart-app-b2a2b/services/firebaseextensions.googleapis.com x-goog-quota-user=projects/shoppingcart-app-b2a2b
[debug] [2025-03-06T07:24:19.000Z] <<< [apiv2][status] GET https://serviceusage.googleapis.com/v1/projects/shoppingcart-app-b2a2b/services/firebaseextensions.googleapis.com 200
[debug] [2025-03-06T07:24:19.000Z] <<< [apiv2][body] GET https://serviceusage.googleapis.com/v1/projects/shoppingcart-app-b2a2b/services/firebaseextensions.googleapis.com [omitted]
[info] +  extensions: required API firebaseextensions.googleapis.com is enabled 
[debug] [2025-03-06T07:24:19.001Z] > command requires scopes: ["email","openid","https://www.googleapis.com/auth/cloudplatformprojects.readonly","https://www.googleapis.com/auth/firebase","https://www.googleapis.com/auth/cloud-platform"]
[debug] [2025-03-06T07:24:19.001Z] > authorizing via signed-in user (manchukondamanoj@gmail.com)
[debug] [2025-03-06T07:24:19.001Z] [iam] checking project shoppingcart-app-b2a2b for permissions ["firebase.projects.get","firebaseextensions.instances.list"]
[debug] [2025-03-06T07:24:19.002Z] Checked if tokens are valid: true, expires at: 1741249429378
[debug] [2025-03-06T07:24:19.002Z] Checked if tokens are valid: true, expires at: 1741249429378
[debug] [2025-03-06T07:24:19.002Z] >>> [apiv2][query] POST https://cloudresourcemanager.googleapis.com/v1/projects/shoppingcart-app-b2a2b:testIamPermissions [none]
[debug] [2025-03-06T07:24:19.002Z] >>> [apiv2][(partial)header] POST https://cloudresourcemanager.googleapis.com/v1/projects/shoppingcart-app-b2a2b:testIamPermissions x-goog-quota-user=projects/shoppingcart-app-b2a2b
[debug] [2025-03-06T07:24:19.002Z] >>> [apiv2][body] POST https://cloudresourcemanager.googleapis.com/v1/projects/shoppingcart-app-b2a2b:testIamPermissions {"permissions":["firebase.projects.get","firebaseextensions.instances.list"]}
[debug] [2025-03-06T07:24:20.279Z] <<< [apiv2][status] POST https://cloudresourcemanager.googleapis.com/v1/projects/shoppingcart-app-b2a2b:testIamPermissions 200
[debug] [2025-03-06T07:24:20.279Z] <<< [apiv2][body] POST https://cloudresourcemanager.googleapis.com/v1/projects/shoppingcart-app-b2a2b:testIamPermissions {"permissions":["firebase.projects.get","firebaseextensions.instances.list"]}
[debug] [2025-03-06T07:24:20.279Z] Checked if tokens are valid: true, expires at: 1741249429378
[debug] [2025-03-06T07:24:20.279Z] Checked if tokens are valid: true, expires at: 1741249429378
[debug] [2025-03-06T07:24:20.280Z] >>> [apiv2][query] GET https://firebaseextensions.googleapis.com/v1beta/projects/shoppingcart-app-b2a2b/instances pageSize=100&pageToken=
[debug] [2025-03-06T07:24:21.886Z] <<< [apiv2][status] GET https://firebaseextensions.googleapis.com/v1beta/projects/shoppingcart-app-b2a2b/instances 200
[debug] [2025-03-06T07:24:21.886Z] <<< [apiv2][body] GET https://firebaseextensions.googleapis.com/v1beta/projects/shoppingcart-app-b2a2b/instances {}
[info] i  functions: preparing functions directory for uploading... 
[info] i  functions: packaged C:\Users\aparn\MMK\projects\shopping-cart\functions (117.24 KB) for uploading 
[debug] [2025-03-06T07:24:21.974Z] Checked if tokens are valid: true, expires at: 1741249429378
[debug] [2025-03-06T07:24:21.974Z] Checked if tokens are valid: true, expires at: 1741249429378
[debug] [2025-03-06T07:24:21.974Z] >>> [apiv2][query] GET https://cloudfunctions.googleapis.com/v1/projects/shoppingcart-app-b2a2b/locations/-/functions [none]
[debug] [2025-03-06T07:24:22.861Z] <<< [apiv2][status] GET https://cloudfunctions.googleapis.com/v1/projects/shoppingcart-app-b2a2b/locations/-/functions 200
[debug] [2025-03-06T07:24:22.861Z] <<< [apiv2][body] GET https://cloudfunctions.googleapis.com/v1/projects/shoppingcart-app-b2a2b/locations/-/functions {}
[debug] [2025-03-06T07:24:22.861Z] Checked if tokens are valid: true, expires at: 1741249429378
[debug] [2025-03-06T07:24:22.861Z] Checked if tokens are valid: true, expires at: 1741249429378
[debug] [2025-03-06T07:24:22.861Z] >>> [apiv2][query] GET https://cloudfunctions.googleapis.com/v2/projects/shoppingcart-app-b2a2b/locations/-/functions filter=environment%3D%22GEN_2%22
[debug] [2025-03-06T07:24:24.562Z] <<< [apiv2][status] GET https://cloudfunctions.googleapis.com/v2/projects/shoppingcart-app-b2a2b/locations/-/functions 200
[debug] [2025-03-06T07:24:24.563Z] <<< [apiv2][body] GET https://cloudfunctions.googleapis.com/v2/projects/shoppingcart-app-b2a2b/locations/-/functions {"functions":[{"name":"projects/shoppingcart-app-b2a2b/locations/us-central1/functions/nextServer","buildConfig":{"build":"projects/892449238183/locations/us-central1/builds/18775094-c115-44cc-8626-ea89ed499697","runtime":"nodejs22","entryPoint":"nextServer","source":{"storageSource":{"bucket":"gcf-v2-sources-892449238183-us-central1","object":"nextServer/function-source.zip","generation":"1741204872583387"}},"environmentVariables":{"GOOGLE_NODE_RUN_SCRIPTS":""},"dockerRepository":"projects/shoppingcart-app-b2a2b/locations/us-central1/repositories/gcf-artifacts","sourceProvenance":{"resolvedStorageSource":{"bucket":"gcf-v2-sources-892449238183-us-central1","object":"nextServer/function-source.zip","generation":"1741204872583387"}},"dockerRegistry":"ARTIFACT_REGISTRY","serviceAccount":"projects/shoppingcart-app-b2a2b/serviceAccounts/892449238183-compute@developer.gserviceaccount.com","automaticUpdatePolicy":{}},"serviceConfig":{"service":"projects/shoppingcart-app-b2a2b/locations/us-central1/services/nextserver","timeoutSeconds":60,"environmentVariables":{"FIREBASE_CONFIG":"{\"projectId\":\"shoppingcart-app-b2a2b\",\"storageBucket\":\"shoppingcart-app-b2a2b.firebasestorage.app\"}","GCLOUD_PROJECT":"shoppingcart-app-b2a2b","EVENTARC_CLOUD_EVENT_SOURCE":"projects/shoppingcart-app-b2a2b/locations/us-central1/services/nextServer","FUNCTION_TARGET":"nextServer","LOG_EXECUTION_ID":"true"},"maxInstanceCount":100,"ingressSettings":"ALLOW_ALL","uri":"https://nextserver-egeg4xai7a-uc.a.run.app","serviceAccountEmail":"892449238183-compute@developer.gserviceaccount.com","availableMemory":"256Mi","allTrafficOnLatestRevision":true,"revision":"nextserver-00001-luj","maxInstanceRequestConcurrency":80,"availableCpu":"1"},"state":"ACTIVE","updateTime":"2025-03-05T20:03:27.570269671Z","labels":{"deployment-tool":"cli-firebase","firebase-functions-hash":"b9f8b0133b986bf6ab4fe6442841f76b38cf2e20"},"environment":"GEN_2","url":"https://us-central1-shoppingcart-app-b2a2b.cloudfunctions.net/nextServer","createTime":"2025-03-05T20:01:12.817286613Z","satisfiesPzi":true},{"name":"projects/shoppingcart-app-b2a2b/locations/us-central1/functions/api","buildConfig":{"build":"projects/892449238183/locations/us-central1/builds/878a1730-6efe-4895-a9aa-4b1bf2dc6967","runtime":"nodejs22","entryPoint":"api","source":{"storageSource":{"bucket":"gcf-v2-sources-892449238183-us-central1","object":"api/function-source.zip","generation":"1741205822391696"}},"environmentVariables":{"GOOGLE_NODE_RUN_SCRIPTS":""},"dockerRepository":"projects/shoppingcart-app-b2a2b/locations/us-central1/repositories/gcf-artifacts","sourceProvenance":{"resolvedStorageSource":{"bucket":"gcf-v2-sources-892449238183-us-central1","object":"api/function-source.zip","generation":"1741205822391696"}},"dockerRegistry":"ARTIFACT_REGISTRY","serviceAccount":"projects/shoppingcart-app-b2a2b/serviceAccounts/892449238183-compute@developer.gserviceaccount.com","automaticUpdatePolicy":{}},"serviceConfig":{"service":"projects/shoppingcart-app-b2a2b/locations/us-central1/services/api","timeoutSeconds":60,"environmentVariables":{"FIREBASE_CONFIG":"{\"projectId\":\"shoppingcart-app-b2a2b\",\"storageBucket\":\"shoppingcart-app-b2a2b.firebasestorage.app\"}","GCLOUD_PROJECT":"shoppingcart-app-b2a2b","EVENTARC_CLOUD_EVENT_SOURCE":"projects/shoppingcart-app-b2a2b/locations/us-central1/services/api","FUNCTION_TARGET":"api","LOG_EXECUTION_ID":"true","FUNCTION_SIGNATURE_TYPE":"http"},"maxInstanceCount":100,"ingressSettings":"ALLOW_ALL","uri":"https://api-egeg4xai7a-uc.a.run.app","serviceAccountEmail":"892449238183-compute@developer.gserviceaccount.com","availableMemory":"256Mi","allTrafficOnLatestRevision":true,"revision":"api-00003-huh","maxInstanceRequestConcurrency":80,"availableCpu":"1"},"state":"ACTIVE","updateTime":"2025-03-05T20:19:20.999524609Z","labels":{"deployment-tool":"cli-firebase","firebase-functions-hash":"f211a491138b0c8f4a91e7d05eeafc1b8861abf6"},"environment":"GEN_2","url":"https://us-central1-shoppingcart-app-b2a2b.cloudfunctions.net/api","createTime":"2025-03-05T19:09:02.886120149Z","satisfiesPzi":true}]}
[info] i  functions: ensuring required API run.googleapis.com is enabled... 
[debug] [2025-03-06T07:24:24.567Z] Checked if tokens are valid: true, expires at: 1741249429378
[debug] [2025-03-06T07:24:24.567Z] Checked if tokens are valid: true, expires at: 1741249429378
[info] i  functions: ensuring required API eventarc.googleapis.com is enabled... 
[debug] [2025-03-06T07:24:24.567Z] Checked if tokens are valid: true, expires at: 1741249429378
[debug] [2025-03-06T07:24:24.567Z] Checked if tokens are valid: true, expires at: 1741249429378
[info] i  functions: ensuring required API pubsub.googleapis.com is enabled... 
[debug] [2025-03-06T07:24:24.568Z] Checked if tokens are valid: true, expires at: 1741249429378
[debug] [2025-03-06T07:24:24.568Z] Checked if tokens are valid: true, expires at: 1741249429378
[info] i  functions: ensuring required API storage.googleapis.com is enabled... 
[debug] [2025-03-06T07:24:24.568Z] Checked if tokens are valid: true, expires at: 1741249429378
[debug] [2025-03-06T07:24:24.569Z] Checked if tokens are valid: true, expires at: 1741249429378
[debug] [2025-03-06T07:24:24.569Z] >>> [apiv2][query] GET https://serviceusage.googleapis.com/v1/projects/shoppingcart-app-b2a2b/services/run.googleapis.com [none]
[debug] [2025-03-06T07:24:24.569Z] >>> [apiv2][(partial)header] GET https://serviceusage.googleapis.com/v1/projects/shoppingcart-app-b2a2b/services/run.googleapis.com x-goog-quota-user=projects/shoppingcart-app-b2a2b
[debug] [2025-03-06T07:24:24.570Z] >>> [apiv2][query] GET https://serviceusage.googleapis.com/v1/projects/shoppingcart-app-b2a2b/services/eventarc.googleapis.com [none]
[debug] [2025-03-06T07:24:24.570Z] >>> [apiv2][(partial)header] GET https://serviceusage.googleapis.com/v1/projects/shoppingcart-app-b2a2b/services/eventarc.googleapis.com x-goog-quota-user=projects/shoppingcart-app-b2a2b
[debug] [2025-03-06T07:24:24.571Z] >>> [apiv2][query] GET https://serviceusage.googleapis.com/v1/projects/shoppingcart-app-b2a2b/services/pubsub.googleapis.com [none]
[debug] [2025-03-06T07:24:24.571Z] >>> [apiv2][(partial)header] GET https://serviceusage.googleapis.com/v1/projects/shoppingcart-app-b2a2b/services/pubsub.googleapis.com x-goog-quota-user=projects/shoppingcart-app-b2a2b
[debug] [2025-03-06T07:24:24.573Z] >>> [apiv2][query] GET https://serviceusage.googleapis.com/v1/projects/shoppingcart-app-b2a2b/services/storage.googleapis.com [none]
[debug] [2025-03-06T07:24:24.573Z] >>> [apiv2][(partial)header] GET https://serviceusage.googleapis.com/v1/projects/shoppingcart-app-b2a2b/services/storage.googleapis.com x-goog-quota-user=projects/shoppingcart-app-b2a2b
[debug] [2025-03-06T07:24:26.161Z] <<< [apiv2][status] GET https://serviceusage.googleapis.com/v1/projects/shoppingcart-app-b2a2b/services/eventarc.googleapis.com 200
[debug] [2025-03-06T07:24:26.161Z] <<< [apiv2][body] GET https://serviceusage.googleapis.com/v1/projects/shoppingcart-app-b2a2b/services/eventarc.googleapis.com [omitted]
[info] +  functions: required API eventarc.googleapis.com is enabled 
[debug] [2025-03-06T07:24:26.163Z] <<< [apiv2][status] GET https://serviceusage.googleapis.com/v1/projects/shoppingcart-app-b2a2b/services/pubsub.googleapis.com 200
[debug] [2025-03-06T07:24:26.163Z] <<< [apiv2][body] GET https://serviceusage.googleapis.com/v1/projects/shoppingcart-app-b2a2b/services/pubsub.googleapis.com [omitted]
[info] +  functions: required API pubsub.googleapis.com is enabled 
[debug] [2025-03-06T07:24:26.166Z] <<< [apiv2][status] GET https://serviceusage.googleapis.com/v1/projects/shoppingcart-app-b2a2b/services/run.googleapis.com 200
[debug] [2025-03-06T07:24:26.166Z] <<< [apiv2][body] GET https://serviceusage.googleapis.com/v1/projects/shoppingcart-app-b2a2b/services/run.googleapis.com [omitted]
[info] +  functions: required API run.googleapis.com is enabled 
[debug] [2025-03-06T07:24:26.169Z] <<< [apiv2][status] GET https://serviceusage.googleapis.com/v1/projects/shoppingcart-app-b2a2b/services/storage.googleapis.com 200
[debug] [2025-03-06T07:24:26.169Z] <<< [apiv2][body] GET https://serviceusage.googleapis.com/v1/projects/shoppingcart-app-b2a2b/services/storage.googleapis.com [omitted]
[info] +  functions: required API storage.googleapis.com is enabled 
[info] i  functions: generating the service identity for pubsub.googleapis.com... 
[debug] [2025-03-06T07:24:26.170Z] Checked if tokens are valid: true, expires at: 1741249429378
[debug] [2025-03-06T07:24:26.170Z] Checked if tokens are valid: true, expires at: 1741249429378
[info] i  functions: generating the service identity for eventarc.googleapis.com... 
[debug] [2025-03-06T07:24:26.170Z] Checked if tokens are valid: true, expires at: 1741249429378
[debug] [2025-03-06T07:24:26.170Z] Checked if tokens are valid: true, expires at: 1741249429378
[debug] [2025-03-06T07:24:26.171Z] >>> [apiv2][query] POST https://serviceusage.googleapis.com/v1beta1/projects/892449238183/services/pubsub.googleapis.com:generateServiceIdentity [none]
[debug] [2025-03-06T07:24:26.171Z] >>> [apiv2][query] POST https://serviceusage.googleapis.com/v1beta1/projects/892449238183/services/eventarc.googleapis.com:generateServiceIdentity [none]
[debug] [2025-03-06T07:24:26.584Z] <<< [apiv2][status] POST https://serviceusage.googleapis.com/v1beta1/projects/892449238183/services/eventarc.googleapis.com:generateServiceIdentity 200
[debug] [2025-03-06T07:24:26.584Z] <<< [apiv2][body] POST https://serviceusage.googleapis.com/v1beta1/projects/892449238183/services/eventarc.googleapis.com:generateServiceIdentity {"name":"operations/finished.DONE_OPERATION","done":true,"response":{"@type":"type.googleapis.com/google.api.serviceusage.v1beta1.ServiceIdentity","email":"service-892449238183@gcp-sa-eventarc.iam.gserviceaccount.com","uniqueId":"104124096928178965697"}}
[debug] [2025-03-06T07:24:27.757Z] <<< [apiv2][status] POST https://serviceusage.googleapis.com/v1beta1/projects/892449238183/services/pubsub.googleapis.com:generateServiceIdentity 200
[debug] [2025-03-06T07:24:27.757Z] <<< [apiv2][body] POST https://serviceusage.googleapis.com/v1beta1/projects/892449238183/services/pubsub.googleapis.com:generateServiceIdentity {"name":"operations/finished.DONE_OPERATION","done":true,"response":{"@type":"type.googleapis.com/google.api.serviceusage.v1beta1.ServiceIdentity","email":"service-892449238183@gcp-sa-pubsub.iam.gserviceaccount.com","uniqueId":"116360026635785127010"}}
[debug] [2025-03-06T07:24:27.760Z] Checked if tokens are valid: true, expires at: 1741249429378
[debug] [2025-03-06T07:24:27.760Z] Checked if tokens are valid: true, expires at: 1741249429378
[debug] [2025-03-06T07:24:27.760Z] >>> [apiv2][query] GET https://cloudresourcemanager.googleapis.com/v1/projects/shoppingcart-app-b2a2b [none]
[debug] [2025-03-06T07:24:29.072Z] <<< [apiv2][status] GET https://cloudresourcemanager.googleapis.com/v1/projects/shoppingcart-app-b2a2b 200
[debug] [2025-03-06T07:24:29.072Z] <<< [apiv2][body] GET https://cloudresourcemanager.googleapis.com/v1/projects/shoppingcart-app-b2a2b {"projectNumber":"892449238183","projectId":"shoppingcart-app-b2a2b","lifecycleState":"ACTIVE","name":"ShoppingCart-app","labels":{"firebase":"enabled","firebase-core":"disabled"},"createTime":"2025-03-03T12:34:29.444194Z"}
[debug] [2025-03-06T07:24:29.073Z] Checked if tokens are valid: true, expires at: 1741249429378
[debug] [2025-03-06T07:24:29.073Z] Checked if tokens are valid: true, expires at: 1741249429378
[debug] [2025-03-06T07:24:29.073Z] >>> [apiv2][query] GET https://cloudbilling.googleapis.com/v1/projects/shoppingcart-app-b2a2b/billingInfo [none]
[debug] [2025-03-06T07:24:30.506Z] <<< [apiv2][status] GET https://cloudbilling.googleapis.com/v1/projects/shoppingcart-app-b2a2b/billingInfo 200
[debug] [2025-03-06T07:24:30.506Z] <<< [apiv2][body] GET https://cloudbilling.googleapis.com/v1/projects/shoppingcart-app-b2a2b/billingInfo {"name":"projects/shoppingcart-app-b2a2b/billingInfo","projectId":"shoppingcart-app-b2a2b","billingAccountName":"billingAccounts/01153B-656CC8-5C814A","billingEnabled":true}
[debug] [2025-03-06T07:24:30.508Z] Checked if tokens are valid: true, expires at: 1741249429378
[debug] [2025-03-06T07:24:30.508Z] Checked if tokens are valid: true, expires at: 1741249429378
[debug] [2025-03-06T07:24:30.508Z] >>> [apiv2][query] POST https://cloudfunctions.googleapis.com/v2/projects/shoppingcart-app-b2a2b/locations/us-central1/functions:generateUploadUrl [none]
[debug] [2025-03-06T07:24:32.039Z] <<< [apiv2][status] POST https://cloudfunctions.googleapis.com/v2/projects/shoppingcart-app-b2a2b/locations/us-central1/functions:generateUploadUrl 200
[debug] [2025-03-06T07:24:32.039Z] <<< [apiv2][body] POST https://cloudfunctions.googleapis.com/v2/projects/shoppingcart-app-b2a2b/locations/us-central1/functions:generateUploadUrl {"uploadUrl":"https://storage.googleapis.com/gcf-v2-uploads-892449238183.us-central1.cloudfunctions.appspot.com/ef1d2c9f-0432-4bc7-9b0f-6a421842b977.zip?GoogleAccessId=service-892449238183@gcf-admin-robot.iam.gserviceaccount.com&Expires=1741247670&Signature=H8IVjwRroHnHzqKTA2GjJ7QZKp6e2fn9ffCOqb3qgDWLCiDjuPNgBS8tYl5Zzms6XyKJxp5ZtlImrDy6GKoBzAQs%2BU6CFhZKHESqhnCf3Sv2LfdiclWA8T4JPlmntOEELvEnBTEZ6sUe08F%2B1TbcjxtRifym7A4jObPgRykPepWD70ZSiN1jsIhcvkGOyKxHnVqTzcU5XSXutSUB8oE6mHYjspIVNLbIYqRqsLzIzFM2VwlLRJTdz1cGpX0OvWtV30xWkryv7HQsWuSevxnKfzCyK0k0oMNAwYIqHq33Cyyam0NoEa2ddHTs%2B8zKQi257Gk%2BNxhZzABcUjkOwsTs5g%3D%3D","storageSource":{"bucket":"gcf-v2-uploads-892449238183.us-central1.cloudfunctions.appspot.com","object":"ef1d2c9f-0432-4bc7-9b0f-6a421842b977.zip"}}
[debug] [2025-03-06T07:24:32.041Z] >>> [apiv2][query] PUT https://storage.googleapis.com/gcf-v2-uploads-892449238183.us-central1.cloudfunctions.appspot.com/ef1d2c9f-0432-4bc7-9b0f-6a421842b977.zip GoogleAccessId=service-892449238183%40gcf-admin-robot.iam.gserviceaccount.com&Expires=1741247670&Signature=H8IVjwRroHnHzqKTA2GjJ7QZKp6e2fn9ffCOqb3qgDWLCiDjuPNgBS8tYl5Zzms6XyKJxp5ZtlImrDy6GKoBzAQs%2BU6CFhZKHESqhnCf3Sv2LfdiclWA8T4JPlmntOEELvEnBTEZ6sUe08F%2B1TbcjxtRifym7A4jObPgRykPepWD70ZSiN1jsIhcvkGOyKxHnVqTzcU5XSXutSUB8oE6mHYjspIVNLbIYqRqsLzIzFM2VwlLRJTdz1cGpX0OvWtV30xWkryv7HQsWuSevxnKfzCyK0k0oMNAwYIqHq33Cyyam0NoEa2ddHTs%2B8zKQi257Gk%2BNxhZzABcUjkOwsTs5g%3D%3D
[debug] [2025-03-06T07:24:32.041Z] >>> [apiv2][body] PUT https://storage.googleapis.com/gcf-v2-uploads-892449238183.us-central1.cloudfunctions.appspot.com/ef1d2c9f-0432-4bc7-9b0f-6a421842b977.zip [stream]
[debug] [2025-03-06T07:24:33.546Z] <<< [apiv2][status] PUT https://storage.googleapis.com/gcf-v2-uploads-892449238183.us-central1.cloudfunctions.appspot.com/ef1d2c9f-0432-4bc7-9b0f-6a421842b977.zip 200
[debug] [2025-03-06T07:24:33.547Z] <<< [apiv2][body] PUT https://storage.googleapis.com/gcf-v2-uploads-892449238183.us-central1.cloudfunctions.appspot.com/ef1d2c9f-0432-4bc7-9b0f-6a421842b977.zip [omitted]
[info] +  functions: functions folder uploaded successfully 
[info] 
The following functions are found in your project but do not exist in your local source code:
	nextServer(us-central1)

If you are renaming a function or changing its region, it is recommended that you create the new function first before deleting the old one to prevent event loss. For more info, visit https://firebase.google.com/docs/functions/manage-functions#modify

[info] i  functions: updating Node.js 22 (2nd Gen) function api(us-central1)... 
[info] i  functions: deleting Node.js 22 (2nd Gen) function nextServer(us-central1)... 
[debug] [2025-03-06T07:25:04.523Z] Checked if tokens are valid: true, expires at: 1741249429378
[debug] [2025-03-06T07:25:04.523Z] Checked if tokens are valid: true, expires at: 1741249429378
[debug] [2025-03-06T07:25:04.524Z] Checked if tokens are valid: true, expires at: 1741249429378
[debug] [2025-03-06T07:25:04.524Z] Checked if tokens are valid: true, expires at: 1741249429378
[debug] [2025-03-06T07:25:04.524Z] >>> [apiv2][query] PATCH https://cloudfunctions.googleapis.com/v2/projects/shoppingcart-app-b2a2b/locations/us-central1/functions/api updateMask=name%2CbuildConfig.runtime%2CbuildConfig.entryPoint%2CbuildConfig.source.storageSource.bucket%2CbuildConfig.source.storageSource.object%2CbuildConfig.environmentVariables%2CbuildConfig.sourceToken%2CserviceConfig.environmentVariables%2CserviceConfig.ingressSettings%2CserviceConfig.timeoutSeconds%2CserviceConfig.serviceAccountEmail%2CserviceConfig.availableMemory%2CserviceConfig.minInstanceCount%2CserviceConfig.maxInstanceCount%2CserviceConfig.maxInstanceRequestConcurrency%2CserviceConfig.availableCpu%2CserviceConfig.vpcConnector%2CserviceConfig.vpcConnectorEgressSettings%2Clabels%2CbuildConfig.buildEnvironmentVariables
[debug] [2025-03-06T07:25:04.524Z] >>> [apiv2][body] PATCH https://cloudfunctions.googleapis.com/v2/projects/shoppingcart-app-b2a2b/locations/us-central1/functions/api {"name":"projects/shoppingcart-app-b2a2b/locations/us-central1/functions/api","buildConfig":{"runtime":"nodejs22","entryPoint":"api","source":{"storageSource":{"bucket":"gcf-v2-uploads-892449238183.us-central1.cloudfunctions.appspot.com","object":"ef1d2c9f-0432-4bc7-9b0f-6a421842b977.zip"}},"environmentVariables":{"GOOGLE_NODE_RUN_SCRIPTS":""}},"serviceConfig":{"environmentVariables":{"FIREBASE_CONFIG":"{\"projectId\":\"shoppingcart-app-b2a2b\",\"storageBucket\":\"shoppingcart-app-b2a2b.firebasestorage.app\"}","GCLOUD_PROJECT":"shoppingcart-app-b2a2b","EVENTARC_CLOUD_EVENT_SOURCE":"projects/shoppingcart-app-b2a2b/locations/us-central1/services/api","FUNCTION_TARGET":"api","LOG_EXECUTION_ID":"true","FUNCTION_SIGNATURE_TYPE":"http"},"ingressSettings":null,"timeoutSeconds":null,"serviceAccountEmail":null,"availableMemory":"256Mi","minInstanceCount":null,"maxInstanceCount":null,"maxInstanceRequestConcurrency":80,"availableCpu":"1","vpcConnector":null,"vpcConnectorEgressSettings":null},"labels":{"deployment-tool":"cli-firebase","firebase-functions-hash":"0d05e449f14362e7d1cb1e4976808741f779173f"}}
[debug] [2025-03-06T07:25:04.526Z] >>> [apiv2][query] DELETE https://cloudfunctions.googleapis.com/v2/projects/shoppingcart-app-b2a2b/locations/us-central1/functions/nextServer [none]
[debug] [2025-03-06T07:25:05.945Z] <<< [apiv2][status] DELETE https://cloudfunctions.googleapis.com/v2/projects/shoppingcart-app-b2a2b/locations/us-central1/functions/nextServer 200
[debug] [2025-03-06T07:25:05.946Z] <<< [apiv2][body] DELETE https://cloudfunctions.googleapis.com/v2/projects/shoppingcart-app-b2a2b/locations/us-central1/functions/nextServer {"name":"projects/shoppingcart-app-b2a2b/locations/us-central1/operations/operation-1741245904792-62fa7679f2ce0-6210580a-8a0e6cae","metadata":{"@type":"type.googleapis.com/google.cloud.functions.v2.OperationMetadata","createTime":"2025-03-06T07:25:04.811520720Z","target":"projects/shoppingcart-app-b2a2b/locations/us-central1/functions/nextServer","verb":"delete","cancelRequested":false,"apiVersion":"v2"},"done":false}
[debug] [2025-03-06T07:25:05.946Z] Checked if tokens are valid: true, expires at: 1741249429378
[debug] [2025-03-06T07:25:05.946Z] Checked if tokens are valid: true, expires at: 1741249429378
[debug] [2025-03-06T07:25:05.947Z] >>> [apiv2][query] GET https://cloudfunctions.googleapis.com/v2/projects/shoppingcart-app-b2a2b/locations/us-central1/operations/operation-1741245904792-62fa7679f2ce0-6210580a-8a0e6cae [none]
[debug] [2025-03-06T07:25:06.966Z] <<< [apiv2][status] PATCH https://cloudfunctions.googleapis.com/v2/projects/shoppingcart-app-b2a2b/locations/us-central1/functions/api 200
[debug] [2025-03-06T07:25:06.966Z] <<< [apiv2][body] PATCH https://cloudfunctions.googleapis.com/v2/projects/shoppingcart-app-b2a2b/locations/us-central1/functions/api {"name":"projects/shoppingcart-app-b2a2b/locations/us-central1/operations/operation-1741245904801-62fa7679f4dbd-de58ab79-1390be7c","metadata":{"@type":"type.googleapis.com/google.cloud.functions.v2.OperationMetadata","createTime":"2025-03-06T07:25:05.831768159Z","target":"projects/shoppingcart-app-b2a2b/locations/us-central1/functions/api","verb":"update","cancelRequested":false,"apiVersion":"v2"},"done":false}
[debug] [2025-03-06T07:25:06.967Z] Checked if tokens are valid: true, expires at: 1741249429378
[debug] [2025-03-06T07:25:06.967Z] Checked if tokens are valid: true, expires at: 1741249429378
[debug] [2025-03-06T07:25:06.967Z] >>> [apiv2][query] GET https://cloudfunctions.googleapis.com/v2/projects/shoppingcart-app-b2a2b/locations/us-central1/operations/operation-1741245904801-62fa7679f4dbd-de58ab79-1390be7c [none]
[debug] [2025-03-06T07:25:07.336Z] <<< [apiv2][status] GET https://cloudfunctions.googleapis.com/v2/projects/shoppingcart-app-b2a2b/locations/us-central1/operations/operation-1741245904792-62fa7679f2ce0-6210580a-8a0e6cae 200
[debug] [2025-03-06T07:25:07.336Z] <<< [apiv2][body] GET https://cloudfunctions.googleapis.com/v2/projects/shoppingcart-app-b2a2b/locations/us-central1/operations/operation-1741245904792-62fa7679f2ce0-6210580a-8a0e6cae {"name":"projects/shoppingcart-app-b2a2b/locations/us-central1/operations/operation-1741245904792-62fa7679f2ce0-6210580a-8a0e6cae","metadata":{"@type":"type.googleapis.com/google.cloud.functions.v2.OperationMetadata","createTime":"2025-03-06T07:25:04.811520720Z","target":"projects/shoppingcart-app-b2a2b/locations/us-central1/functions/nextServer","verb":"delete","cancelRequested":false,"apiVersion":"v2","requestResource":{"@type":"type.googleapis.com/google.cloud.functions.v2.Function","name":"projects/shoppingcart-app-b2a2b/locations/us-central1/functions/nextServer","environment":"GEN_2"},"stages":[{"name":"ARTIFACT_REGISTRY","message":"Deleting function artifacts in Artifact Registry","state":"IN_PROGRESS"},{"name":"SERVICE","message":"Deleting Cloud Run service","state":"COMPLETE","resource":"projects/shoppingcart-app-b2a2b/locations/us-central1/services/nextserver"}],"operationType":"DELETE_FUNCTION"},"done":false}
[debug] [2025-03-06T07:25:07.850Z] [delete-default-us-central1-nextServer] Retrying task index 0
[debug] [2025-03-06T07:25:07.850Z] Checked if tokens are valid: true, expires at: 1741249429378
[debug] [2025-03-06T07:25:07.850Z] Checked if tokens are valid: true, expires at: 1741249429378
[debug] [2025-03-06T07:25:07.850Z] >>> [apiv2][query] GET https://cloudfunctions.googleapis.com/v2/projects/shoppingcart-app-b2a2b/locations/us-central1/operations/operation-1741245904792-62fa7679f2ce0-6210580a-8a0e6cae [none]
[debug] [2025-03-06T07:25:08.290Z] <<< [apiv2][status] GET https://cloudfunctions.googleapis.com/v2/projects/shoppingcart-app-b2a2b/locations/us-central1/operations/operation-1741245904801-62fa7679f4dbd-de58ab79-1390be7c 200
[debug] [2025-03-06T07:25:08.292Z] <<< [apiv2][body] GET https://cloudfunctions.googleapis.com/v2/projects/shoppingcart-app-b2a2b/locations/us-central1/operations/operation-1741245904801-62fa7679f4dbd-de58ab79-1390be7c {"name":"projects/shoppingcart-app-b2a2b/locations/us-central1/operations/operation-1741245904801-62fa7679f4dbd-de58ab79-1390be7c","metadata":{"@type":"type.googleapis.com/google.cloud.functions.v2.OperationMetadata","createTime":"2025-03-06T07:25:05.831768159Z","target":"projects/shoppingcart-app-b2a2b/locations/us-central1/functions/api","verb":"update","cancelRequested":false,"apiVersion":"v2","requestResource":{"@type":"type.googleapis.com/google.cloud.functions.v2.Function","name":"projects/shoppingcart-app-b2a2b/locations/us-central1/functions/api","buildConfig":{"runtime":"nodejs22","entryPoint":"api","source":{"storageSource":{"bucket":"gcf-v2-sources-892449238183-us-central1","object":"api/function-source.zip","generation":"1741245905737303"}},"environmentVariables":{"GOOGLE_NODE_RUN_SCRIPTS":""},"dockerRepository":"projects/shoppingcart-app-b2a2b/locations/us-central1/repositories/gcf-artifacts","sourceProvenance":{"resolvedStorageSource":{"bucket":"gcf-v2-sources-892449238183-us-central1","object":"api/function-source.zip","generation":"1741205822391696"}},"dockerRegistry":"ARTIFACT_REGISTRY","serviceAccount":"projects/shoppingcart-app-b2a2b/serviceAccounts/892449238183-compute@developer.gserviceaccount.com","automaticUpdatePolicy":{}},"serviceConfig":{"service":"projects/shoppingcart-app-b2a2b/locations/us-central1/services/api","timeoutSeconds":60,"environmentVariables":{"FIREBASE_CONFIG":"{\"projectId\":\"shoppingcart-app-b2a2b\",\"storageBucket\":\"shoppingcart-app-b2a2b.firebasestorage.app\"}","GCLOUD_PROJECT":"shoppingcart-app-b2a2b","EVENTARC_CLOUD_EVENT_SOURCE":"projects/shoppingcart-app-b2a2b/locations/us-central1/services/api","FUNCTION_TARGET":"api","LOG_EXECUTION_ID":"true","FUNCTION_SIGNATURE_TYPE":"http"},"ingressSettings":"ALLOW_ALL","uri":"https://api-egeg4xai7a-uc.a.run.app","serviceAccountEmail":"892449238183-compute@developer.gserviceaccount.com","availableMemory":"256Mi","allTrafficOnLatestRevision":true,"revision":"api-00003-huh","maxInstanceRequestConcurrency":80,"availableCpu":"1"},"state":"ACTIVE","labels":{"deployment-tool":"cli-firebase","firebase-functions-hash":"0d05e449f14362e7d1cb1e4976808741f779173f"},"environment":"GEN_2","url":"https://us-central1-shoppingcart-app-b2a2b.cloudfunctions.net/api","satisfiesPzi":true},"stages":[{"name":"BUILD","message":"Build in progress","state":"IN_PROGRESS","resource":"projects/892449238183/locations/us-central1/builds/c71a967c-8fc0-4507-b749-bd95e8b9fdbe","resourceUri":"https://console.cloud.google.com/cloud-build/builds;region=us-central1/c71a967c-8fc0-4507-b749-bd95e8b9fdbe?project=892449238183"},{"name":"SERVICE","state":"NOT_STARTED"}],"operationType":"UPDATE_FUNCTION","buildName":"projects/892449238183/locations/us-central1/builds/c71a967c-8fc0-4507-b749-bd95e8b9fdbe"},"done":false}
[debug] [2025-03-06T07:25:08.806Z] [update-default-us-central1-api] Retrying task index 0
[debug] [2025-03-06T07:25:08.807Z] Checked if tokens are valid: true, expires at: 1741249429378
[debug] [2025-03-06T07:25:08.807Z] Checked if tokens are valid: true, expires at: 1741249429378
[debug] [2025-03-06T07:25:08.807Z] >>> [apiv2][query] GET https://cloudfunctions.googleapis.com/v2/projects/shoppingcart-app-b2a2b/locations/us-central1/operations/operation-1741245904801-62fa7679f4dbd-de58ab79-1390be7c [none]
[debug] [2025-03-06T07:25:09.157Z] <<< [apiv2][status] GET https://cloudfunctions.googleapis.com/v2/projects/shoppingcart-app-b2a2b/locations/us-central1/operations/operation-1741245904792-62fa7679f2ce0-6210580a-8a0e6cae 200
[debug] [2025-03-06T07:25:09.157Z] <<< [apiv2][body] GET https://cloudfunctions.googleapis.com/v2/projects/shoppingcart-app-b2a2b/locations/us-central1/operations/operation-1741245904792-62fa7679f2ce0-6210580a-8a0e6cae {"name":"projects/shoppingcart-app-b2a2b/locations/us-central1/operations/operation-1741245904792-62fa7679f2ce0-6210580a-8a0e6cae","metadata":{"@type":"type.googleapis.com/google.cloud.functions.v2.OperationMetadata","createTime":"2025-03-06T07:25:04.811520720Z","endTime":"2025-03-06T07:25:06.407863164Z","target":"projects/shoppingcart-app-b2a2b/locations/us-central1/functions/nextServer","verb":"delete","cancelRequested":false,"apiVersion":"v2","requestResource":{"@type":"type.googleapis.com/google.cloud.functions.v2.Function","name":"projects/shoppingcart-app-b2a2b/locations/us-central1/functions/nextServer","environment":"GEN_2"},"stages":[{"name":"ARTIFACT_REGISTRY","message":"Deleting function artifacts in Artifact Registry","state":"COMPLETE"},{"name":"SERVICE","message":"Deleting Cloud Run service","state":"COMPLETE","resource":"projects/shoppingcart-app-b2a2b/locations/us-central1/services/nextserver"}],"operationType":"DELETE_FUNCTION"},"done":true,"response":{"@type":"type.googleapis.com/google.protobuf.Empty"}}
[info] +  functions[nextServer(us-central1)] Successful delete operation. 
[debug] [2025-03-06T07:25:10.139Z] <<< [apiv2][status] GET https://cloudfunctions.googleapis.com/v2/projects/shoppingcart-app-b2a2b/locations/us-central1/operations/operation-1741245904801-62fa7679f4dbd-de58ab79-1390be7c 200
[debug] [2025-03-06T07:25:10.139Z] <<< [apiv2][body] GET https://cloudfunctions.googleapis.com/v2/projects/shoppingcart-app-b2a2b/locations/us-central1/operations/operation-1741245904801-62fa7679f4dbd-de58ab79-1390be7c {"name":"projects/shoppingcart-app-b2a2b/locations/us-central1/operations/operation-1741245904801-62fa7679f4dbd-de58ab79-1390be7c","metadata":{"@type":"type.googleapis.com/google.cloud.functions.v2.OperationMetadata","createTime":"2025-03-06T07:25:05.831768159Z","target":"projects/shoppingcart-app-b2a2b/locations/us-central1/functions/api","verb":"update","cancelRequested":false,"apiVersion":"v2","requestResource":{"@type":"type.googleapis.com/google.cloud.functions.v2.Function","name":"projects/shoppingcart-app-b2a2b/locations/us-central1/functions/api","buildConfig":{"runtime":"nodejs22","entryPoint":"api","source":{"storageSource":{"bucket":"gcf-v2-sources-892449238183-us-central1","object":"api/function-source.zip","generation":"1741245905737303"}},"environmentVariables":{"GOOGLE_NODE_RUN_SCRIPTS":""},"dockerRepository":"projects/shoppingcart-app-b2a2b/locations/us-central1/repositories/gcf-artifacts","sourceProvenance":{"resolvedStorageSource":{"bucket":"gcf-v2-sources-892449238183-us-central1","object":"api/function-source.zip","generation":"1741205822391696"}},"dockerRegistry":"ARTIFACT_REGISTRY","serviceAccount":"projects/shoppingcart-app-b2a2b/serviceAccounts/892449238183-compute@developer.gserviceaccount.com","automaticUpdatePolicy":{}},"serviceConfig":{"service":"projects/shoppingcart-app-b2a2b/locations/us-central1/services/api","timeoutSeconds":60,"environmentVariables":{"FIREBASE_CONFIG":"{\"projectId\":\"shoppingcart-app-b2a2b\",\"storageBucket\":\"shoppingcart-app-b2a2b.firebasestorage.app\"}","GCLOUD_PROJECT":"shoppingcart-app-b2a2b","EVENTARC_CLOUD_EVENT_SOURCE":"projects/shoppingcart-app-b2a2b/locations/us-central1/services/api","FUNCTION_TARGET":"api","LOG_EXECUTION_ID":"true","FUNCTION_SIGNATURE_TYPE":"http"},"ingressSettings":"ALLOW_ALL","uri":"https://api-egeg4xai7a-uc.a.run.app","serviceAccountEmail":"892449238183-compute@developer.gserviceaccount.com","availableMemory":"256Mi","allTrafficOnLatestRevision":true,"revision":"api-00003-huh","maxInstanceRequestConcurrency":80,"availableCpu":"1"},"state":"ACTIVE","labels":{"deployment-tool":"cli-firebase","firebase-functions-hash":"0d05e449f14362e7d1cb1e4976808741f779173f"},"environment":"GEN_2","url":"https://us-central1-shoppingcart-app-b2a2b.cloudfunctions.net/api","satisfiesPzi":true},"stages":[{"name":"BUILD","message":"Build in progress","state":"IN_PROGRESS","resource":"projects/892449238183/locations/us-central1/builds/c71a967c-8fc0-4507-b749-bd95e8b9fdbe","resourceUri":"https://console.cloud.google.com/cloud-build/builds;region=us-central1/c71a967c-8fc0-4507-b749-bd95e8b9fdbe?project=892449238183"},{"name":"SERVICE","state":"NOT_STARTED"}],"operationType":"UPDATE_FUNCTION","buildName":"projects/892449238183/locations/us-central1/builds/c71a967c-8fc0-4507-b749-bd95e8b9fdbe"},"done":false}
[debug] [2025-03-06T07:25:11.148Z] [update-default-us-central1-api] Retrying task index 0
[debug] [2025-03-06T07:25:11.149Z] Checked if tokens are valid: true, expires at: 1741249429378
[debug] [2025-03-06T07:25:11.149Z] Checked if tokens are valid: true, expires at: 1741249429378
[debug] [2025-03-06T07:25:11.150Z] >>> [apiv2][query] GET https://cloudfunctions.googleapis.com/v2/projects/shoppingcart-app-b2a2b/locations/us-central1/operations/operation-1741245904801-62fa7679f4dbd-de58ab79-1390be7c [none]
[debug] [2025-03-06T07:25:12.458Z] <<< [apiv2][status] GET https://cloudfunctions.googleapis.com/v2/projects/shoppingcart-app-b2a2b/locations/us-central1/operations/operation-1741245904801-62fa7679f4dbd-de58ab79-1390be7c 200
[debug] [2025-03-06T07:25:12.459Z] <<< [apiv2][body] GET https://cloudfunctions.googleapis.com/v2/projects/shoppingcart-app-b2a2b/locations/us-central1/operations/operation-1741245904801-62fa7679f4dbd-de58ab79-1390be7c {"name":"projects/shoppingcart-app-b2a2b/locations/us-central1/operations/operation-1741245904801-62fa7679f4dbd-de58ab79-1390be7c","metadata":{"@type":"type.googleapis.com/google.cloud.functions.v2.OperationMetadata","createTime":"2025-03-06T07:25:05.831768159Z","target":"projects/shoppingcart-app-b2a2b/locations/us-central1/functions/api","verb":"update","cancelRequested":false,"apiVersion":"v2","requestResource":{"@type":"type.googleapis.com/google.cloud.functions.v2.Function","name":"projects/shoppingcart-app-b2a2b/locations/us-central1/functions/api","buildConfig":{"runtime":"nodejs22","entryPoint":"api","source":{"storageSource":{"bucket":"gcf-v2-sources-892449238183-us-central1","object":"api/function-source.zip","generation":"1741245905737303"}},"environmentVariables":{"GOOGLE_NODE_RUN_SCRIPTS":""},"dockerRepository":"projects/shoppingcart-app-b2a2b/locations/us-central1/repositories/gcf-artifacts","sourceProvenance":{"resolvedStorageSource":{"bucket":"gcf-v2-sources-892449238183-us-central1","object":"api/function-source.zip","generation":"1741205822391696"}},"dockerRegistry":"ARTIFACT_REGISTRY","serviceAccount":"projects/shoppingcart-app-b2a2b/serviceAccounts/892449238183-compute@developer.gserviceaccount.com","automaticUpdatePolicy":{}},"serviceConfig":{"service":"projects/shoppingcart-app-b2a2b/locations/us-central1/services/api","timeoutSeconds":60,"environmentVariables":{"FIREBASE_CONFIG":"{\"projectId\":\"shoppingcart-app-b2a2b\",\"storageBucket\":\"shoppingcart-app-b2a2b.firebasestorage.app\"}","GCLOUD_PROJECT":"shoppingcart-app-b2a2b","EVENTARC_CLOUD_EVENT_SOURCE":"projects/shoppingcart-app-b2a2b/locations/us-central1/services/api","FUNCTION_TARGET":"api","LOG_EXECUTION_ID":"true","FUNCTION_SIGNATURE_TYPE":"http"},"ingressSettings":"ALLOW_ALL","uri":"https://api-egeg4xai7a-uc.a.run.app","serviceAccountEmail":"892449238183-compute@developer.gserviceaccount.com","availableMemory":"256Mi","allTrafficOnLatestRevision":true,"revision":"api-00003-huh","maxInstanceRequestConcurrency":80,"availableCpu":"1"},"state":"ACTIVE","labels":{"deployment-tool":"cli-firebase","firebase-functions-hash":"0d05e449f14362e7d1cb1e4976808741f779173f"},"environment":"GEN_2","url":"https://us-central1-shoppingcart-app-b2a2b.cloudfunctions.net/api","satisfiesPzi":true},"stages":[{"name":"BUILD","message":"Build in progress","state":"IN_PROGRESS","resource":"projects/892449238183/locations/us-central1/builds/c71a967c-8fc0-4507-b749-bd95e8b9fdbe","resourceUri":"https://console.cloud.google.com/cloud-build/builds;region=us-central1/c71a967c-8fc0-4507-b749-bd95e8b9fdbe?project=892449238183"},{"name":"SERVICE","state":"NOT_STARTED"}],"operationType":"UPDATE_FUNCTION","buildName":"projects/892449238183/locations/us-central1/builds/c71a967c-8fc0-4507-b749-bd95e8b9fdbe"},"done":false}
[debug] [2025-03-06T07:25:14.472Z] [update-default-us-central1-api] Retrying task index 0
[debug] [2025-03-06T07:25:14.472Z] Checked if tokens are valid: true, expires at: 1741249429378
[debug] [2025-03-06T07:25:14.473Z] Checked if tokens are valid: true, expires at: 1741249429378
[debug] [2025-03-06T07:25:14.473Z] >>> [apiv2][query] GET https://cloudfunctions.googleapis.com/v2/projects/shoppingcart-app-b2a2b/locations/us-central1/operations/operation-1741245904801-62fa7679f4dbd-de58ab79-1390be7c [none]
[debug] [2025-03-06T07:25:15.767Z] <<< [apiv2][status] GET https://cloudfunctions.googleapis.com/v2/projects/shoppingcart-app-b2a2b/locations/us-central1/operations/operation-1741245904801-62fa7679f4dbd-de58ab79-1390be7c 200
[debug] [2025-03-06T07:25:15.767Z] <<< [apiv2][body] GET https://cloudfunctions.googleapis.com/v2/projects/shoppingcart-app-b2a2b/locations/us-central1/operations/operation-1741245904801-62fa7679f4dbd-de58ab79-1390be7c {"name":"projects/shoppingcart-app-b2a2b/locations/us-central1/operations/operation-1741245904801-62fa7679f4dbd-de58ab79-1390be7c","metadata":{"@type":"type.googleapis.com/google.cloud.functions.v2.OperationMetadata","createTime":"2025-03-06T07:25:05.831768159Z","target":"projects/shoppingcart-app-b2a2b/locations/us-central1/functions/api","verb":"update","cancelRequested":false,"apiVersion":"v2","requestResource":{"@type":"type.googleapis.com/google.cloud.functions.v2.Function","name":"projects/shoppingcart-app-b2a2b/locations/us-central1/functions/api","buildConfig":{"runtime":"nodejs22","entryPoint":"api","source":{"storageSource":{"bucket":"gcf-v2-sources-892449238183-us-central1","object":"api/function-source.zip","generation":"1741245905737303"}},"environmentVariables":{"GOOGLE_NODE_RUN_SCRIPTS":""},"dockerRepository":"projects/shoppingcart-app-b2a2b/locations/us-central1/repositories/gcf-artifacts","sourceProvenance":{"resolvedStorageSource":{"bucket":"gcf-v2-sources-892449238183-us-central1","object":"api/function-source.zip","generation":"1741205822391696"}},"dockerRegistry":"ARTIFACT_REGISTRY","serviceAccount":"projects/shoppingcart-app-b2a2b/serviceAccounts/892449238183-compute@developer.gserviceaccount.com","automaticUpdatePolicy":{}},"serviceConfig":{"service":"projects/shoppingcart-app-b2a2b/locations/us-central1/services/api","timeoutSeconds":60,"environmentVariables":{"FIREBASE_CONFIG":"{\"projectId\":\"shoppingcart-app-b2a2b\",\"storageBucket\":\"shoppingcart-app-b2a2b.firebasestorage.app\"}","GCLOUD_PROJECT":"shoppingcart-app-b2a2b","EVENTARC_CLOUD_EVENT_SOURCE":"projects/shoppingcart-app-b2a2b/locations/us-central1/services/api","FUNCTION_TARGET":"api","LOG_EXECUTION_ID":"true","FUNCTION_SIGNATURE_TYPE":"http"},"ingressSettings":"ALLOW_ALL","uri":"https://api-egeg4xai7a-uc.a.run.app","serviceAccountEmail":"892449238183-compute@developer.gserviceaccount.com","availableMemory":"256Mi","allTrafficOnLatestRevision":true,"revision":"api-00003-huh","maxInstanceRequestConcurrency":80,"availableCpu":"1"},"state":"ACTIVE","labels":{"deployment-tool":"cli-firebase","firebase-functions-hash":"0d05e449f14362e7d1cb1e4976808741f779173f"},"environment":"GEN_2","url":"https://us-central1-shoppingcart-app-b2a2b.cloudfunctions.net/api","satisfiesPzi":true},"stages":[{"name":"BUILD","message":"Build in progress","state":"IN_PROGRESS","resource":"projects/892449238183/locations/us-central1/builds/c71a967c-8fc0-4507-b749-bd95e8b9fdbe","resourceUri":"https://console.cloud.google.com/cloud-build/builds;region=us-central1/c71a967c-8fc0-4507-b749-bd95e8b9fdbe?project=892449238183"},{"name":"SERVICE","state":"NOT_STARTED"}],"operationType":"UPDATE_FUNCTION","buildName":"projects/892449238183/locations/us-central1/builds/c71a967c-8fc0-4507-b749-bd95e8b9fdbe"},"done":false}
[debug] [2025-03-06T07:25:19.782Z] [update-default-us-central1-api] Retrying task index 0
[debug] [2025-03-06T07:25:19.782Z] Checked if tokens are valid: true, expires at: 1741249429378
[debug] [2025-03-06T07:25:19.783Z] Checked if tokens are valid: true, expires at: 1741249429378
[debug] [2025-03-06T07:25:19.783Z] >>> [apiv2][query] GET https://cloudfunctions.googleapis.com/v2/projects/shoppingcart-app-b2a2b/locations/us-central1/operations/operation-1741245904801-62fa7679f4dbd-de58ab79-1390be7c [none]
[debug] [2025-03-06T07:25:21.160Z] <<< [apiv2][status] GET https://cloudfunctions.googleapis.com/v2/projects/shoppingcart-app-b2a2b/locations/us-central1/operations/operation-1741245904801-62fa7679f4dbd-de58ab79-1390be7c 200
[debug] [2025-03-06T07:25:21.160Z] <<< [apiv2][body] GET https://cloudfunctions.googleapis.com/v2/projects/shoppingcart-app-b2a2b/locations/us-central1/operations/operation-1741245904801-62fa7679f4dbd-de58ab79-1390be7c {"name":"projects/shoppingcart-app-b2a2b/locations/us-central1/operations/operation-1741245904801-62fa7679f4dbd-de58ab79-1390be7c","metadata":{"@type":"type.googleapis.com/google.cloud.functions.v2.OperationMetadata","createTime":"2025-03-06T07:25:05.831768159Z","target":"projects/shoppingcart-app-b2a2b/locations/us-central1/functions/api","verb":"update","cancelRequested":false,"apiVersion":"v2","requestResource":{"@type":"type.googleapis.com/google.cloud.functions.v2.Function","name":"projects/shoppingcart-app-b2a2b/locations/us-central1/functions/api","buildConfig":{"runtime":"nodejs22","entryPoint":"api","source":{"storageSource":{"bucket":"gcf-v2-sources-892449238183-us-central1","object":"api/function-source.zip","generation":"1741245905737303"}},"environmentVariables":{"GOOGLE_NODE_RUN_SCRIPTS":""},"dockerRepository":"projects/shoppingcart-app-b2a2b/locations/us-central1/repositories/gcf-artifacts","sourceProvenance":{"resolvedStorageSource":{"bucket":"gcf-v2-sources-892449238183-us-central1","object":"api/function-source.zip","generation":"1741205822391696"}},"dockerRegistry":"ARTIFACT_REGISTRY","serviceAccount":"projects/shoppingcart-app-b2a2b/serviceAccounts/892449238183-compute@developer.gserviceaccount.com","automaticUpdatePolicy":{}},"serviceConfig":{"service":"projects/shoppingcart-app-b2a2b/locations/us-central1/services/api","timeoutSeconds":60,"environmentVariables":{"FIREBASE_CONFIG":"{\"projectId\":\"shoppingcart-app-b2a2b\",\"storageBucket\":\"shoppingcart-app-b2a2b.firebasestorage.app\"}","GCLOUD_PROJECT":"shoppingcart-app-b2a2b","EVENTARC_CLOUD_EVENT_SOURCE":"projects/shoppingcart-app-b2a2b/locations/us-central1/services/api","FUNCTION_TARGET":"api","LOG_EXECUTION_ID":"true","FUNCTION_SIGNATURE_TYPE":"http"},"ingressSettings":"ALLOW_ALL","uri":"https://api-egeg4xai7a-uc.a.run.app","serviceAccountEmail":"892449238183-compute@developer.gserviceaccount.com","availableMemory":"256Mi","allTrafficOnLatestRevision":true,"revision":"api-00003-huh","maxInstanceRequestConcurrency":80,"availableCpu":"1"},"state":"ACTIVE","labels":{"deployment-tool":"cli-firebase","firebase-functions-hash":"0d05e449f14362e7d1cb1e4976808741f779173f"},"environment":"GEN_2","url":"https://us-central1-shoppingcart-app-b2a2b.cloudfunctions.net/api","satisfiesPzi":true},"stages":[{"name":"BUILD","message":"Build in progress","state":"IN_PROGRESS","resource":"projects/892449238183/locations/us-central1/builds/c71a967c-8fc0-4507-b749-bd95e8b9fdbe","resourceUri":"https://console.cloud.google.com/cloud-build/builds;region=us-central1/c71a967c-8fc0-4507-b749-bd95e8b9fdbe?project=892449238183"},{"name":"SERVICE","state":"NOT_STARTED"}],"operationType":"UPDATE_FUNCTION","buildName":"projects/892449238183/locations/us-central1/builds/c71a967c-8fc0-4507-b749-bd95e8b9fdbe"},"done":false}
[debug] [2025-03-06T07:25:29.170Z] [update-default-us-central1-api] Retrying task index 0
[debug] [2025-03-06T07:25:29.170Z] Checked if tokens are valid: true, expires at: 1741249429378
[debug] [2025-03-06T07:25:29.170Z] Checked if tokens are valid: true, expires at: 1741249429378
[debug] [2025-03-06T07:25:29.170Z] >>> [apiv2][query] GET https://cloudfunctions.googleapis.com/v2/projects/shoppingcart-app-b2a2b/locations/us-central1/operations/operation-1741245904801-62fa7679f4dbd-de58ab79-1390be7c [none]
[debug] [2025-03-06T07:25:30.517Z] <<< [apiv2][status] GET https://cloudfunctions.googleapis.com/v2/projects/shoppingcart-app-b2a2b/locations/us-central1/operations/operation-1741245904801-62fa7679f4dbd-de58ab79-1390be7c 200
[debug] [2025-03-06T07:25:30.517Z] <<< [apiv2][body] GET https://cloudfunctions.googleapis.com/v2/projects/shoppingcart-app-b2a2b/locations/us-central1/operations/operation-1741245904801-62fa7679f4dbd-de58ab79-1390be7c {"name":"projects/shoppingcart-app-b2a2b/locations/us-central1/operations/operation-1741245904801-62fa7679f4dbd-de58ab79-1390be7c","metadata":{"@type":"type.googleapis.com/google.cloud.functions.v2.OperationMetadata","createTime":"2025-03-06T07:25:05.831768159Z","target":"projects/shoppingcart-app-b2a2b/locations/us-central1/functions/api","verb":"update","cancelRequested":false,"apiVersion":"v2","requestResource":{"@type":"type.googleapis.com/google.cloud.functions.v2.Function","name":"projects/shoppingcart-app-b2a2b/locations/us-central1/functions/api","buildConfig":{"runtime":"nodejs22","entryPoint":"api","source":{"storageSource":{"bucket":"gcf-v2-sources-892449238183-us-central1","object":"api/function-source.zip","generation":"1741245905737303"}},"environmentVariables":{"GOOGLE_NODE_RUN_SCRIPTS":""},"dockerRepository":"projects/shoppingcart-app-b2a2b/locations/us-central1/repositories/gcf-artifacts","sourceProvenance":{"resolvedStorageSource":{"bucket":"gcf-v2-sources-892449238183-us-central1","object":"api/function-source.zip","generation":"1741205822391696"}},"dockerRegistry":"ARTIFACT_REGISTRY","serviceAccount":"projects/shoppingcart-app-b2a2b/serviceAccounts/892449238183-compute@developer.gserviceaccount.com","automaticUpdatePolicy":{}},"serviceConfig":{"service":"projects/shoppingcart-app-b2a2b/locations/us-central1/services/api","timeoutSeconds":60,"environmentVariables":{"FIREBASE_CONFIG":"{\"projectId\":\"shoppingcart-app-b2a2b\",\"storageBucket\":\"shoppingcart-app-b2a2b.firebasestorage.app\"}","GCLOUD_PROJECT":"shoppingcart-app-b2a2b","EVENTARC_CLOUD_EVENT_SOURCE":"projects/shoppingcart-app-b2a2b/locations/us-central1/services/api","FUNCTION_TARGET":"api","LOG_EXECUTION_ID":"true","FUNCTION_SIGNATURE_TYPE":"http"},"ingressSettings":"ALLOW_ALL","uri":"https://api-egeg4xai7a-uc.a.run.app","serviceAccountEmail":"892449238183-compute@developer.gserviceaccount.com","availableMemory":"256Mi","allTrafficOnLatestRevision":true,"revision":"api-00003-huh","maxInstanceRequestConcurrency":80,"availableCpu":"1"},"state":"ACTIVE","labels":{"deployment-tool":"cli-firebase","firebase-functions-hash":"0d05e449f14362e7d1cb1e4976808741f779173f"},"environment":"GEN_2","url":"https://us-central1-shoppingcart-app-b2a2b.cloudfunctions.net/api","satisfiesPzi":true},"stages":[{"name":"BUILD","message":"Build in progress","state":"IN_PROGRESS","resource":"projects/892449238183/locations/us-central1/builds/c71a967c-8fc0-4507-b749-bd95e8b9fdbe","resourceUri":"https://console.cloud.google.com/cloud-build/builds;region=us-central1/c71a967c-8fc0-4507-b749-bd95e8b9fdbe?project=892449238183"},{"name":"SERVICE","state":"NOT_STARTED"}],"operationType":"UPDATE_FUNCTION","buildName":"projects/892449238183/locations/us-central1/builds/c71a967c-8fc0-4507-b749-bd95e8b9fdbe"},"done":false}
[debug] [2025-03-06T07:25:40.523Z] [update-default-us-central1-api] Retrying task index 0
[debug] [2025-03-06T07:25:40.524Z] Checked if tokens are valid: true, expires at: 1741249429378
[debug] [2025-03-06T07:25:40.524Z] Checked if tokens are valid: true, expires at: 1741249429378
[debug] [2025-03-06T07:25:40.524Z] >>> [apiv2][query] GET https://cloudfunctions.googleapis.com/v2/projects/shoppingcart-app-b2a2b/locations/us-central1/operations/operation-1741245904801-62fa7679f4dbd-de58ab79-1390be7c [none]
[debug] [2025-03-06T07:25:41.883Z] <<< [apiv2][status] GET https://cloudfunctions.googleapis.com/v2/projects/shoppingcart-app-b2a2b/locations/us-central1/operations/operation-1741245904801-62fa7679f4dbd-de58ab79-1390be7c 200
[debug] [2025-03-06T07:25:41.883Z] <<< [apiv2][body] GET https://cloudfunctions.googleapis.com/v2/projects/shoppingcart-app-b2a2b/locations/us-central1/operations/operation-1741245904801-62fa7679f4dbd-de58ab79-1390be7c {"name":"projects/shoppingcart-app-b2a2b/locations/us-central1/operations/operation-1741245904801-62fa7679f4dbd-de58ab79-1390be7c","metadata":{"@type":"type.googleapis.com/google.cloud.functions.v2.OperationMetadata","createTime":"2025-03-06T07:25:05.831768159Z","target":"projects/shoppingcart-app-b2a2b/locations/us-central1/functions/api","verb":"update","cancelRequested":false,"apiVersion":"v2","requestResource":{"@type":"type.googleapis.com/google.cloud.functions.v2.Function","name":"projects/shoppingcart-app-b2a2b/locations/us-central1/functions/api","buildConfig":{"runtime":"nodejs22","entryPoint":"api","source":{"storageSource":{"bucket":"gcf-v2-sources-892449238183-us-central1","object":"api/function-source.zip","generation":"1741245905737303"}},"environmentVariables":{"GOOGLE_NODE_RUN_SCRIPTS":""},"dockerRepository":"projects/shoppingcart-app-b2a2b/locations/us-central1/repositories/gcf-artifacts","sourceProvenance":{"resolvedStorageSource":{"bucket":"gcf-v2-sources-892449238183-us-central1","object":"api/function-source.zip","generation":"1741205822391696"}},"dockerRegistry":"ARTIFACT_REGISTRY","serviceAccount":"projects/shoppingcart-app-b2a2b/serviceAccounts/892449238183-compute@developer.gserviceaccount.com","automaticUpdatePolicy":{}},"serviceConfig":{"service":"projects/shoppingcart-app-b2a2b/locations/us-central1/services/api","timeoutSeconds":60,"environmentVariables":{"FIREBASE_CONFIG":"{\"projectId\":\"shoppingcart-app-b2a2b\",\"storageBucket\":\"shoppingcart-app-b2a2b.firebasestorage.app\"}","GCLOUD_PROJECT":"shoppingcart-app-b2a2b","EVENTARC_CLOUD_EVENT_SOURCE":"projects/shoppingcart-app-b2a2b/locations/us-central1/services/api","FUNCTION_TARGET":"api","LOG_EXECUTION_ID":"true","FUNCTION_SIGNATURE_TYPE":"http"},"ingressSettings":"ALLOW_ALL","uri":"https://api-egeg4xai7a-uc.a.run.app","serviceAccountEmail":"892449238183-compute@developer.gserviceaccount.com","availableMemory":"256Mi","allTrafficOnLatestRevision":true,"revision":"api-00003-huh","maxInstanceRequestConcurrency":80,"availableCpu":"1"},"state":"ACTIVE","labels":{"deployment-tool":"cli-firebase","firebase-functions-hash":"0d05e449f14362e7d1cb1e4976808741f779173f"},"environment":"GEN_2","url":"https://us-central1-shoppingcart-app-b2a2b.cloudfunctions.net/api","satisfiesPzi":true},"stages":[{"name":"BUILD","message":"Build in progress","state":"IN_PROGRESS","resource":"projects/892449238183/locations/us-central1/builds/c71a967c-8fc0-4507-b749-bd95e8b9fdbe","resourceUri":"https://console.cloud.google.com/cloud-build/builds;region=us-central1/c71a967c-8fc0-4507-b749-bd95e8b9fdbe?project=892449238183"},{"name":"SERVICE","state":"NOT_STARTED"}],"operationType":"UPDATE_FUNCTION","buildName":"projects/892449238183/locations/us-central1/builds/c71a967c-8fc0-4507-b749-bd95e8b9fdbe"},"done":false}
[debug] [2025-03-06T07:25:51.891Z] [update-default-us-central1-api] Retrying task index 0
[debug] [2025-03-06T07:25:51.892Z] Checked if tokens are valid: true, expires at: 1741249429378
[debug] [2025-03-06T07:25:51.892Z] Checked if tokens are valid: true, expires at: 1741249429378
[debug] [2025-03-06T07:25:51.892Z] >>> [apiv2][query] GET https://cloudfunctions.googleapis.com/v2/projects/shoppingcart-app-b2a2b/locations/us-central1/operations/operation-1741245904801-62fa7679f4dbd-de58ab79-1390be7c [none]
[debug] [2025-03-06T07:25:52.469Z] <<< [apiv2][status] GET https://cloudfunctions.googleapis.com/v2/projects/shoppingcart-app-b2a2b/locations/us-central1/operations/operation-1741245904801-62fa7679f4dbd-de58ab79-1390be7c 200
[debug] [2025-03-06T07:25:52.469Z] <<< [apiv2][body] GET https://cloudfunctions.googleapis.com/v2/projects/shoppingcart-app-b2a2b/locations/us-central1/operations/operation-1741245904801-62fa7679f4dbd-de58ab79-1390be7c {"name":"projects/shoppingcart-app-b2a2b/locations/us-central1/operations/operation-1741245904801-62fa7679f4dbd-de58ab79-1390be7c","metadata":{"@type":"type.googleapis.com/google.cloud.functions.v2.OperationMetadata","createTime":"2025-03-06T07:25:05.831768159Z","target":"projects/shoppingcart-app-b2a2b/locations/us-central1/functions/api","verb":"update","cancelRequested":false,"apiVersion":"v2","requestResource":{"@type":"type.googleapis.com/google.cloud.functions.v2.Function","name":"projects/shoppingcart-app-b2a2b/locations/us-central1/functions/api","buildConfig":{"runtime":"nodejs22","entryPoint":"api","source":{"storageSource":{"bucket":"gcf-v2-sources-892449238183-us-central1","object":"api/function-source.zip","generation":"1741245905737303"}},"environmentVariables":{"GOOGLE_NODE_RUN_SCRIPTS":""},"dockerRepository":"projects/shoppingcart-app-b2a2b/locations/us-central1/repositories/gcf-artifacts","sourceProvenance":{"resolvedStorageSource":{"bucket":"gcf-v2-sources-892449238183-us-central1","object":"api/function-source.zip","generation":"1741205822391696"}},"dockerRegistry":"ARTIFACT_REGISTRY","serviceAccount":"projects/shoppingcart-app-b2a2b/serviceAccounts/892449238183-compute@developer.gserviceaccount.com","automaticUpdatePolicy":{}},"serviceConfig":{"service":"projects/shoppingcart-app-b2a2b/locations/us-central1/services/api","timeoutSeconds":60,"environmentVariables":{"FIREBASE_CONFIG":"{\"projectId\":\"shoppingcart-app-b2a2b\",\"storageBucket\":\"shoppingcart-app-b2a2b.firebasestorage.app\"}","GCLOUD_PROJECT":"shoppingcart-app-b2a2b","EVENTARC_CLOUD_EVENT_SOURCE":"projects/shoppingcart-app-b2a2b/locations/us-central1/services/api","FUNCTION_TARGET":"api","LOG_EXECUTION_ID":"true","FUNCTION_SIGNATURE_TYPE":"http"},"ingressSettings":"ALLOW_ALL","uri":"https://api-egeg4xai7a-uc.a.run.app","serviceAccountEmail":"892449238183-compute@developer.gserviceaccount.com","availableMemory":"256Mi","allTrafficOnLatestRevision":true,"revision":"api-00003-huh","maxInstanceRequestConcurrency":80,"availableCpu":"1"},"state":"ACTIVE","labels":{"deployment-tool":"cli-firebase","firebase-functions-hash":"0d05e449f14362e7d1cb1e4976808741f779173f"},"environment":"GEN_2","url":"https://us-central1-shoppingcart-app-b2a2b.cloudfunctions.net/api","satisfiesPzi":true},"stages":[{"name":"BUILD","message":"Build in progress","state":"IN_PROGRESS","resource":"projects/892449238183/locations/us-central1/builds/c71a967c-8fc0-4507-b749-bd95e8b9fdbe","resourceUri":"https://console.cloud.google.com/cloud-build/builds;region=us-central1/c71a967c-8fc0-4507-b749-bd95e8b9fdbe?project=892449238183"},{"name":"SERVICE","state":"NOT_STARTED"}],"operationType":"UPDATE_FUNCTION","buildName":"projects/892449238183/locations/us-central1/builds/c71a967c-8fc0-4507-b749-bd95e8b9fdbe"},"done":false}
[debug] [2025-03-06T07:26:02.481Z] [update-default-us-central1-api] Retrying task index 0
[debug] [2025-03-06T07:26:02.481Z] Checked if tokens are valid: true, expires at: 1741249429378
[debug] [2025-03-06T07:26:02.481Z] Checked if tokens are valid: true, expires at: 1741249429378
[debug] [2025-03-06T07:26:02.481Z] >>> [apiv2][query] GET https://cloudfunctions.googleapis.com/v2/projects/shoppingcart-app-b2a2b/locations/us-central1/operations/operation-1741245904801-62fa7679f4dbd-de58ab79-1390be7c [none]
[debug] [2025-03-06T07:26:03.837Z] <<< [apiv2][status] GET https://cloudfunctions.googleapis.com/v2/projects/shoppingcart-app-b2a2b/locations/us-central1/operations/operation-1741245904801-62fa7679f4dbd-de58ab79-1390be7c 200
[debug] [2025-03-06T07:26:03.837Z] <<< [apiv2][body] GET https://cloudfunctions.googleapis.com/v2/projects/shoppingcart-app-b2a2b/locations/us-central1/operations/operation-1741245904801-62fa7679f4dbd-de58ab79-1390be7c {"name":"projects/shoppingcart-app-b2a2b/locations/us-central1/operations/operation-1741245904801-62fa7679f4dbd-de58ab79-1390be7c","metadata":{"@type":"type.googleapis.com/google.cloud.functions.v2.OperationMetadata","createTime":"2025-03-06T07:25:05.831768159Z","target":"projects/shoppingcart-app-b2a2b/locations/us-central1/functions/api","verb":"update","cancelRequested":false,"apiVersion":"v2","requestResource":{"@type":"type.googleapis.com/google.cloud.functions.v2.Function","name":"projects/shoppingcart-app-b2a2b/locations/us-central1/functions/api","buildConfig":{"runtime":"nodejs22","entryPoint":"api","source":{"storageSource":{"bucket":"gcf-v2-sources-892449238183-us-central1","object":"api/function-source.zip","generation":"1741245905737303"}},"environmentVariables":{"GOOGLE_NODE_RUN_SCRIPTS":""},"dockerRepository":"projects/shoppingcart-app-b2a2b/locations/us-central1/repositories/gcf-artifacts","sourceProvenance":{"resolvedStorageSource":{"bucket":"gcf-v2-sources-892449238183-us-central1","object":"api/function-source.zip","generation":"1741205822391696"}},"dockerRegistry":"ARTIFACT_REGISTRY","serviceAccount":"projects/shoppingcart-app-b2a2b/serviceAccounts/892449238183-compute@developer.gserviceaccount.com","automaticUpdatePolicy":{}},"serviceConfig":{"service":"projects/shoppingcart-app-b2a2b/locations/us-central1/services/api","timeoutSeconds":60,"environmentVariables":{"FIREBASE_CONFIG":"{\"projectId\":\"shoppingcart-app-b2a2b\",\"storageBucket\":\"shoppingcart-app-b2a2b.firebasestorage.app\"}","GCLOUD_PROJECT":"shoppingcart-app-b2a2b","EVENTARC_CLOUD_EVENT_SOURCE":"projects/shoppingcart-app-b2a2b/locations/us-central1/services/api","FUNCTION_TARGET":"api","LOG_EXECUTION_ID":"true","FUNCTION_SIGNATURE_TYPE":"http"},"ingressSettings":"ALLOW_ALL","uri":"https://api-egeg4xai7a-uc.a.run.app","serviceAccountEmail":"892449238183-compute@developer.gserviceaccount.com","availableMemory":"256Mi","allTrafficOnLatestRevision":true,"revision":"api-00003-huh","maxInstanceRequestConcurrency":80,"availableCpu":"1"},"state":"ACTIVE","labels":{"deployment-tool":"cli-firebase","firebase-functions-hash":"0d05e449f14362e7d1cb1e4976808741f779173f"},"environment":"GEN_2","url":"https://us-central1-shoppingcart-app-b2a2b.cloudfunctions.net/api","satisfiesPzi":true},"stages":[{"name":"BUILD","message":"Build finished","state":"COMPLETE","resource":"projects/892449238183/locations/us-central1/builds/c71a967c-8fc0-4507-b749-bd95e8b9fdbe","resourceUri":"https://console.cloud.google.com/cloud-build/builds;region=us-central1/c71a967c-8fc0-4507-b749-bd95e8b9fdbe?project=892449238183"},{"name":"SERVICE","message":"Updating Cloud Run service","state":"IN_PROGRESS","resource":"projects/shoppingcart-app-b2a2b/locations/us-central1/services/api","resourceUri":"https://console.cloud.google.com/run/detail/us-central1/api?project=shoppingcart-app-b2a2b","stateMessages":[{"severity":"INFO","type":"CloudRunServiceNewRevisionTrafficInfo","message":"A new revision will be deployed serving with 100% traffic."}]}],"sourceToken":"Cldwcm9qZWN0cy84OTI0NDkyMzgxODMvbG9jYXRpb25zL3VzLWNlbnRyYWwxL2J1aWxkcy9jNzFhOTY3Yy04ZmMwLTQ1MDctYjc0OS1iZDk1ZThiOWZkYmUSdXVzLWNlbnRyYWwxLWRvY2tlci5wa2cuZGV2L3Nob3BwaW5nY2FydC1hcHAtYjJhMmIvZ2NmLWFydGlmYWN0cy9zaG9wcGluZ2NhcnQtLWFwcC0tYjJhMmJfX3VzLS1jZW50cmFsMV9fYXBpOnZlcnNpb25fMRin2frQ/BkiQ3Byb2plY3RzL3Nob3BwaW5nY2FydC1hcHAtYjJhMmIvbG9jYXRpb25zL3VzLWNlbnRyYWwxL2Z1bmN0aW9ucy9hcGkqDAiGnKW+BhCoutqEAzIIbm9kZWpzMjI6dgojZ2NyLmlvL2dhZS1ydW50aW1lcy9ub2RlanMyMjpzdGFibGUST3VzLWNlbnRyYWwxLWRvY2tlci5wa2cuZGV2L3NlcnZlcmxlc3MtcnVudGltZXMvZ29vZ2xlLTIyLWZ1bGwvcnVudGltZXMvbm9kZWpzMjJAAQ==","operationType":"UPDATE_FUNCTION","buildName":"projects/892449238183/locations/us-central1/builds/c71a967c-8fc0-4507-b749-bd95e8b9fdbe"},"done":false}
[debug] [2025-03-06T07:26:03.837Z] Got source token Cldwcm9qZWN0cy84OTI0NDkyMzgxODMvbG9jYXRpb25zL3VzLWNlbnRyYWwxL2J1aWxkcy9jNzFhOTY3Yy04ZmMwLTQ1MDctYjc0OS1iZDk1ZThiOWZkYmUSdXVzLWNlbnRyYWwxLWRvY2tlci5wa2cuZGV2L3Nob3BwaW5nY2FydC1hcHAtYjJhMmIvZ2NmLWFydGlmYWN0cy9zaG9wcGluZ2NhcnQtLWFwcC0tYjJhMmJfX3VzLS1jZW50cmFsMV9fYXBpOnZlcnNpb25fMRin2frQ/BkiQ3Byb2plY3RzL3Nob3BwaW5nY2FydC1hcHAtYjJhMmIvbG9jYXRpb25zL3VzLWNlbnRyYWwxL2Z1bmN0aW9ucy9hcGkqDAiGnKW+BhCoutqEAzIIbm9kZWpzMjI6dgojZ2NyLmlvL2dhZS1ydW50aW1lcy9ub2RlanMyMjpzdGFibGUST3VzLWNlbnRyYWwxLWRvY2tlci5wa2cuZGV2L3NlcnZlcmxlc3MtcnVudGltZXMvZ29vZ2xlLTIyLWZ1bGwvcnVudGltZXMvbm9kZWpzMjJAAQ== for region us-central1
[debug] [2025-03-06T07:26:13.847Z] [update-default-us-central1-api] Retrying task index 0
[debug] [2025-03-06T07:26:13.847Z] Checked if tokens are valid: true, expires at: 1741249429378
[debug] [2025-03-06T07:26:13.848Z] Checked if tokens are valid: true, expires at: 1741249429378
[debug] [2025-03-06T07:26:13.848Z] >>> [apiv2][query] GET https://cloudfunctions.googleapis.com/v2/projects/shoppingcart-app-b2a2b/locations/us-central1/operations/operation-1741245904801-62fa7679f4dbd-de58ab79-1390be7c [none]
[debug] [2025-03-06T07:26:15.199Z] <<< [apiv2][status] GET https://cloudfunctions.googleapis.com/v2/projects/shoppingcart-app-b2a2b/locations/us-central1/operations/operation-1741245904801-62fa7679f4dbd-de58ab79-1390be7c 200
[debug] [2025-03-06T07:26:15.199Z] <<< [apiv2][body] GET https://cloudfunctions.googleapis.com/v2/projects/shoppingcart-app-b2a2b/locations/us-central1/operations/operation-1741245904801-62fa7679f4dbd-de58ab79-1390be7c {"name":"projects/shoppingcart-app-b2a2b/locations/us-central1/operations/operation-1741245904801-62fa7679f4dbd-de58ab79-1390be7c","metadata":{"@type":"type.googleapis.com/google.cloud.functions.v2.OperationMetadata","createTime":"2025-03-06T07:25:05.831768159Z","endTime":"2025-03-06T07:26:08.770434678Z","target":"projects/shoppingcart-app-b2a2b/locations/us-central1/functions/api","verb":"update","cancelRequested":false,"apiVersion":"v2","requestResource":{"@type":"type.googleapis.com/google.cloud.functions.v2.Function","name":"projects/shoppingcart-app-b2a2b/locations/us-central1/functions/api","buildConfig":{"runtime":"nodejs22","entryPoint":"api","source":{"storageSource":{"bucket":"gcf-v2-sources-892449238183-us-central1","object":"api/function-source.zip","generation":"1741245905737303"}},"environmentVariables":{"GOOGLE_NODE_RUN_SCRIPTS":""},"dockerRepository":"projects/shoppingcart-app-b2a2b/locations/us-central1/repositories/gcf-artifacts","sourceProvenance":{"resolvedStorageSource":{"bucket":"gcf-v2-sources-892449238183-us-central1","object":"api/function-source.zip","generation":"1741205822391696"}},"dockerRegistry":"ARTIFACT_REGISTRY","serviceAccount":"projects/shoppingcart-app-b2a2b/serviceAccounts/892449238183-compute@developer.gserviceaccount.com","automaticUpdatePolicy":{}},"serviceConfig":{"service":"projects/shoppingcart-app-b2a2b/locations/us-central1/services/api","timeoutSeconds":60,"environmentVariables":{"FIREBASE_CONFIG":"{\"projectId\":\"shoppingcart-app-b2a2b\",\"storageBucket\":\"shoppingcart-app-b2a2b.firebasestorage.app\"}","GCLOUD_PROJECT":"shoppingcart-app-b2a2b","EVENTARC_CLOUD_EVENT_SOURCE":"projects/shoppingcart-app-b2a2b/locations/us-central1/services/api","FUNCTION_TARGET":"api","LOG_EXECUTION_ID":"true","FUNCTION_SIGNATURE_TYPE":"http"},"ingressSettings":"ALLOW_ALL","uri":"https://api-egeg4xai7a-uc.a.run.app","serviceAccountEmail":"892449238183-compute@developer.gserviceaccount.com","availableMemory":"256Mi","allTrafficOnLatestRevision":true,"revision":"api-00003-huh","maxInstanceRequestConcurrency":80,"availableCpu":"1"},"state":"ACTIVE","labels":{"deployment-tool":"cli-firebase","firebase-functions-hash":"0d05e449f14362e7d1cb1e4976808741f779173f"},"environment":"GEN_2","url":"https://us-central1-shoppingcart-app-b2a2b.cloudfunctions.net/api","satisfiesPzi":true},"stages":[{"name":"SERVICE","state":"NOT_STARTED"}],"operationType":"UPDATE_FUNCTION"},"done":true,"error":{"code":3,"message":"Could not create or update Cloud Run service api, Container Healthcheck failed. Revision 'api-00004-hiq' is not ready and cannot serve traffic. The user-provided container failed to start and listen on the port defined provided by the PORT=8080 environment variable within the allocated timeout. This can happen when the container port is misconfigured or if the timeout is too short. The health check timeout can be extended. Logs for this revision might contain more information.\n\nLogs URL: https://console.cloud.google.com/logs/viewer?project=shoppingcart-app-b2a2b&resource=cloud_run_revision/service_name/api/revision_name/api-00004-hiq&advancedFilter=resource.type%3D%22cloud_run_revision%22%0Aresource.labels.service_name%3D%22api%22%0Aresource.labels.revision_name%3D%22api-00004-hiq%22 \nFor more troubleshooting guidance, see https://cloud.google.com/run/docs/troubleshooting#container-failed-to-start"}}
[debug] [2025-03-06T07:26:15.200Z] Got source token undefined for region us-central1
[error] Could not create or update Cloud Run service api, Container Healthcheck failed. Revision 'api-00004-hiq' is not ready and cannot serve traffic. The user-provided container failed to start and listen on the port defined provided by the PORT=8080 environment variable within the allocated timeout. This can happen when the container port is misconfigured or if the timeout is too short. The health check timeout can be extended. Logs for this revision might contain more information.

Logs URL: https://console.cloud.google.com/logs/viewer?project=shoppingcart-app-b2a2b&resource=cloud_run_revision/service_name/api/revision_name/api-00004-hiq&advancedFilter=resource.type%3D%22cloud_run_revision%22%0Aresource.labels.service_name%3D%22api%22%0Aresource.labels.revision_name%3D%22api-00004-hiq%22 
For more troubleshooting guidance, see https://cloud.google.com/run/docs/troubleshooting#container-failed-to-start
[debug] [2025-03-06T07:26:15.209Z] Total Function Deployment time: 70683
[debug] [2025-03-06T07:26:15.209Z] 2 Functions Deployed
[debug] [2025-03-06T07:26:15.209Z] 1 Functions Errored
[debug] [2025-03-06T07:26:15.209Z] 0 Function Deployments Aborted
[debug] [2025-03-06T07:26:15.209Z] Average Function Deployment time: 37658
[info] 
[info] Functions deploy had errors with the following functions:
	api(us-central1)
[debug] [2025-03-06T07:26:15.366Z] Not printing URL for HTTPS function. Typically this means it didn't match a filter or we failed deployment
[info] i  functions: cleaning up build files... 
[debug] [2025-03-06T07:26:15.368Z] Checked if tokens are valid: true, expires at: 1741249429378
[debug] [2025-03-06T07:26:15.368Z] Checked if tokens are valid: true, expires at: 1741249429378
[debug] [2025-03-06T07:26:15.369Z] Checked if tokens are valid: true, expires at: 1741249429378
[debug] [2025-03-06T07:26:15.369Z] Checked if tokens are valid: true, expires at: 1741249429378
[debug] [2025-03-06T07:26:15.370Z] Checked if tokens are valid: true, expires at: 1741249429378
[debug] [2025-03-06T07:26:15.370Z] Checked if tokens are valid: true, expires at: 1741249429378
[debug] [2025-03-06T07:26:15.370Z] >>> [apiv2][query] DELETE https://artifactregistry.googleapis.com/v1beta2/projects/shoppingcart-app-b2a2b/locations/us-central1/repositories/gcf-artifacts/packages/api [none]
[debug] [2025-03-06T07:26:15.372Z] >>> [apiv2][query] DELETE https://artifactregistry.googleapis.com/v1beta2/projects/shoppingcart-app-b2a2b/locations/us-central1/repositories/gcf-artifacts/packages/next_server [none]
[debug] [2025-03-06T07:26:15.373Z] >>> [apiv2][query] GET https://us.gcr.io/v2/shoppingcart-app-b2a2b/gcf/us-central1/tags/list [none]
[debug] [2025-03-06T07:26:16.182Z] <<< [apiv2][status] GET https://us.gcr.io/v2/shoppingcart-app-b2a2b/gcf/us-central1/tags/list 404
[debug] [2025-03-06T07:26:16.182Z] <<< [apiv2][body] GET https://us.gcr.io/v2/shoppingcart-app-b2a2b/gcf/us-central1/tags/list {"errors":[{"code":"NAME_UNKNOWN","message":"Repository \"us.gcr.io\" not found"}]}
[debug] [2025-03-06T07:26:16.183Z] Failed docker command with error  Request to https://us.gcr.io/v2/shoppingcart-app-b2a2b/gcf/us-central1/tags/list had HTTP Error: 404, Not Found {"name":"FirebaseError","children":[],"context":{"body":{"errors":[{"code":"NAME_UNKNOWN","message":"Repository \"us.gcr.io\" not found"}],"error":{"message":"Not Found"}},"response":{"statusCode":404}},"exit":1,"message":"Request to https://us.gcr.io/v2/shoppingcart-app-b2a2b/gcf/us-central1/tags/list had HTTP Error: 404, Not Found","status":404}
[debug] [2025-03-06T07:26:16.190Z] Checked if tokens are valid: true, expires at: 1741249429378
[debug] [2025-03-06T07:26:16.190Z] Checked if tokens are valid: true, expires at: 1741249429378
[debug] [2025-03-06T07:26:16.191Z] >>> [apiv2][query] GET https://us.gcr.io/v2/shoppingcart-app-b2a2b/gcf/us-central1/tags/list [none]
[debug] [2025-03-06T07:26:16.636Z] <<< [apiv2][status] GET https://us.gcr.io/v2/shoppingcart-app-b2a2b/gcf/us-central1/tags/list 404
[debug] [2025-03-06T07:26:16.636Z] <<< [apiv2][body] GET https://us.gcr.io/v2/shoppingcart-app-b2a2b/gcf/us-central1/tags/list {"errors":[{"code":"NAME_UNKNOWN","message":"Repository \"us.gcr.io\" not found"}]}
[debug] [2025-03-06T07:26:16.637Z] Failed docker command with error  Request to https://us.gcr.io/v2/shoppingcart-app-b2a2b/gcf/us-central1/tags/list had HTTP Error: 404, Not Found {"name":"FirebaseError","children":[],"context":{"body":{"errors":[{"code":"NAME_UNKNOWN","message":"Repository \"us.gcr.io\" not found"}],"error":{"message":"Not Found"}},"response":{"statusCode":404}},"exit":1,"message":"Request to https://us.gcr.io/v2/shoppingcart-app-b2a2b/gcf/us-central1/tags/list had HTTP Error: 404, Not Found","status":404}
[debug] [2025-03-06T07:26:16.750Z] Checked if tokens are valid: true, expires at: 1741249429378
[debug] [2025-03-06T07:26:16.751Z] Checked if tokens are valid: true, expires at: 1741249429378
[debug] [2025-03-06T07:26:16.751Z] >>> [apiv2][query] GET https://us.gcr.io/v2/shoppingcart-app-b2a2b/gcf/us-central1/tags/list [none]
[debug] [2025-03-06T07:26:16.869Z] <<< [apiv2][status] DELETE https://artifactregistry.googleapis.com/v1beta2/projects/shoppingcart-app-b2a2b/locations/us-central1/repositories/gcf-artifacts/packages/api 404
[debug] [2025-03-06T07:26:16.869Z] <<< [apiv2][body] DELETE https://artifactregistry.googleapis.com/v1beta2/projects/shoppingcart-app-b2a2b/locations/us-central1/repositories/gcf-artifacts/packages/api {"error":{"code":404,"message":"Package \"projects/shoppingcart-app-b2a2b/locations/us-central1/repositories/gcf-artifacts/packages/api\" was not found.","status":"NOT_FOUND"}}
[debug] [2025-03-06T07:26:16.901Z] <<< [apiv2][status] DELETE https://artifactregistry.googleapis.com/v1beta2/projects/shoppingcart-app-b2a2b/locations/us-central1/repositories/gcf-artifacts/packages/next_server 404
[debug] [2025-03-06T07:26:16.901Z] <<< [apiv2][body] DELETE https://artifactregistry.googleapis.com/v1beta2/projects/shoppingcart-app-b2a2b/locations/us-central1/repositories/gcf-artifacts/packages/next_server {"error":{"code":404,"message":"Package \"projects/shoppingcart-app-b2a2b/locations/us-central1/repositories/gcf-artifacts/packages/next_server\" was not found.","status":"NOT_FOUND"}}
[debug] [2025-03-06T07:26:17.229Z] <<< [apiv2][status] GET https://us.gcr.io/v2/shoppingcart-app-b2a2b/gcf/us-central1/tags/list 404
[debug] [2025-03-06T07:26:17.229Z] <<< [apiv2][body] GET https://us.gcr.io/v2/shoppingcart-app-b2a2b/gcf/us-central1/tags/list {"errors":[{"code":"NAME_UNKNOWN","message":"Repository \"us.gcr.io\" not found"}]}
[debug] [2025-03-06T07:26:17.230Z] Failed docker command with error  Request to https://us.gcr.io/v2/shoppingcart-app-b2a2b/gcf/us-central1/tags/list had HTTP Error: 404, Not Found {"name":"FirebaseError","children":[],"context":{"body":{"errors":[{"code":"NAME_UNKNOWN","message":"Repository \"us.gcr.io\" not found"}],"error":{"message":"Not Found"}},"response":{"statusCode":404}},"exit":1,"message":"Request to https://us.gcr.io/v2/shoppingcart-app-b2a2b/gcf/us-central1/tags/list had HTTP Error: 404, Not Found","status":404}
[warn] !  functions: Unhandled error cleaning up build images. This could result in a small monthly bill if not corrected. You can attempt to delete these images by redeploying or you can delete them manually at https://console.cloud.google.com/gcr/images/shoppingcart-app-b2a2b/us/gcf 
[debug] [2025-03-06T07:26:17.231Z] Functions deploy failed.
[debug] [2025-03-06T07:26:17.231Z] {
  "endpoint": {
    "id": "api",
    "project": "shoppingcart-app-b2a2b",
    "region": "us-central1",
    "entryPoint": "api",
    "platform": "gcfv2",
    "runtime": "nodejs22",
    "httpsTrigger": {},
    "labels": {
      "deployment-tool": "cli-firebase"
    },
    "ingressSettings": null,
    "availableMemoryMb": null,
    "serviceAccount": null,
    "timeoutSeconds": null,
    "maxInstances": null,
    "minInstances": null,
    "concurrency": 80,
    "vpc": null,
    "environmentVariables": {
      "FIREBASE_CONFIG": "{\"projectId\":\"shoppingcart-app-b2a2b\",\"storageBucket\":\"shoppingcart-app-b2a2b.firebasestorage.app\"}",
      "GCLOUD_PROJECT": "shoppingcart-app-b2a2b",
      "EVENTARC_CLOUD_EVENT_SOURCE": "projects/shoppingcart-app-b2a2b/locations/us-central1/services/api",
      "FUNCTION_TARGET": "api",
      "LOG_EXECUTION_ID": "true",
      "FUNCTION_SIGNATURE_TYPE": "http"
    },
    "codebase": "default",
    "runServiceId": "api",
    "cpu": 1,
    "securityLevel": "SECURE_ALWAYS",
    "targetedByOnly": false,
    "hash": "0d05e449f14362e7d1cb1e4976808741f779173f"
  },
  "op": "update",
  "original": {
    "name": "FirebaseError",
    "children": [],
    "exit": 1,
    "message": "Could not create or update Cloud Run service api, Container Healthcheck failed. Revision 'api-00004-hiq' is not ready and cannot serve traffic. The user-provided container failed to start and listen on the port defined provided by the PORT=8080 environment variable within the allocated timeout. This can happen when the container port is misconfigured or if the timeout is too short. The health check timeout can be extended. Logs for this revision might contain more information.\n\nLogs URL: https://console.cloud.google.com/logs/viewer?project=shoppingcart-app-b2a2b&resource=cloud_run_revision/service_name/api/revision_name/api-00004-hiq&advancedFilter=resource.type%3D%22cloud_run_revision%22%0Aresource.labels.service_name%3D%22api%22%0Aresource.labels.revision_name%3D%22api-00004-hiq%22 \nFor more troubleshooting guidance, see https://cloud.google.com/run/docs/troubleshooting#container-failed-to-start",
    "original": {
      "code": 3,
      "message": "Could not create or update Cloud Run service api, Container Healthcheck failed. Revision 'api-00004-hiq' is not ready and cannot serve traffic. The user-provided container failed to start and listen on the port defined provided by the PORT=8080 environment variable within the allocated timeout. This can happen when the container port is misconfigured or if the timeout is too short. The health check timeout can be extended. Logs for this revision might contain more information.\n\nLogs URL: https://console.cloud.google.com/logs/viewer?project=shoppingcart-app-b2a2b&resource=cloud_run_revision/service_name/api/revision_name/api-00004-hiq&advancedFilter=resource.type%3D%22cloud_run_revision%22%0Aresource.labels.service_name%3D%22api%22%0Aresource.labels.revision_name%3D%22api-00004-hiq%22 \nFor more troubleshooting guidance, see https://cloud.google.com/run/docs/troubleshooting#container-failed-to-start"
    },
    "status": 3,
    "code": 3
  }
}
[debug] [2025-03-06T07:26:17.288Z] Error: Failed to update function api in region us-central1
    at C:\Users\aparn\AppData\Roaming\npm\node_modules\firebase-tools\lib\deploy\functions\release\fabricator.js:399:19
    at process.processTicksAndRejections (node:internal/process/task_queues:95:5)
    at async Fabricator.updateV2Function (C:\Users\aparn\AppData\Roaming\npm\node_modules\firebase-tools\lib\deploy\functions\release\fabricator.js:388:32)
    at async Fabricator.updateEndpoint (C:\Users\aparn\AppData\Roaming\npm\node_modules\firebase-tools\lib\deploy\functions\release\fabricator.js:155:13)
    at async handle (C:\Users\aparn\AppData\Roaming\npm\node_modules\firebase-tools\lib\deploy\functions\release\fabricator.js:89:17)
[error] 
[error] Error: There was an error deploying functions
